main-app.js?v=1764240437732:1847 Download the React DevTools for a better development experience: https://reactjs.org/link/react-devtools
utils.ts:23 Error formatting token amount: TypeError: invalid BigNumberish string: Cannot convert 0.0 to a BigInt (argument="value", value="0.0", code=INVALID_ARGUMENT, version=6.15.0)
    at makeError (errors.js:138:21)
    at assert (errors.js:164:15)
    at assertArgument (errors.js:175:5)
    at getBigInt (maths.js:103:75)
    at FixedNumber.fromValue (fixednumber.js:473:73)
    at formatUnits (units.js:60:69)
    at formatTokenAmount (utils.ts:12:34)
    at eval (SupplyAssets.tsx:63:42)
    at Array.map (<anonymous>)
    at SupplyAssets (SupplyAssets.tsx:41:21)
    at renderWithHooks (react-dom.development.js:11121:18)
    at updateFunctionComponent (react-dom.development.js:16290:20)
    at beginWork$1 (react-dom.development.js:18472:16)
    at beginWork (react-dom.development.js:26927:14)
    at performUnitOfWork (react-dom.development.js:25748:12)
    at workLoopSync (react-dom.development.js:25464:5)
    at renderRootSync (react-dom.development.js:25419:7)
    at performSyncWorkOnRoot (react-dom.development.js:24887:20)
    at flushSyncWorkAcrossRoots_impl (react-dom.development.js:7758:13)
    at flushSyncWorkOnAllRoots (react-dom.development.js:7718:3)
    at processRootScheduleInMicrotask (react-dom.development.js:7863:3)
    at eval (react-dom.development.js:8034:7)
window.console.error @ app-index.js:33
console.error @ hydration-error-info.js:63
formatTokenAmount @ utils.ts:23
eval @ SupplyAssets.tsx:63
SupplyAssets @ SupplyAssets.tsx:41
renderWithHooks @ react-dom.development.js:11121
updateFunctionComponent @ react-dom.development.js:16290
beginWork$1 @ react-dom.development.js:18472
beginWork @ react-dom.development.js:26927
performUnitOfWork @ react-dom.development.js:25748
workLoopSync @ react-dom.development.js:25464
renderRootSync @ react-dom.development.js:25419
performSyncWorkOnRoot @ react-dom.development.js:24887
flushSyncWorkAcrossRoots_impl @ react-dom.development.js:7758
flushSyncWorkOnAllRoots @ react-dom.development.js:7718
processRootScheduleInMicrotask @ react-dom.development.js:7863
eval @ react-dom.development.js:8034
setTimeout
(anonymous) @ inpage.js:1
write @ inpage.js:1
j @ inpage.js:1
(anonymous) @ inpage.js:1
R.write @ inpage.js:1
d @ inpage.js:1
a.emit @ inpage.js:10
A @ inpage.js:1
j @ inpage.js:1
R.push @ inpage.js:1
_write @ inpage.js:1
j @ inpage.js:1
(anonymous) @ inpage.js:1
R.write @ inpage.js:1
d @ inpage.js:1
a.emit @ inpage.js:10
A @ inpage.js:1
j @ inpage.js:1
R.push @ inpage.js:1
_onData @ inpage.js:1
_onMessage @ inpage.js:1
postMessage
_postMessage @ contentscript.js:1
_write @ contentscript.js:1
x @ contentscript.js:1
(anonymous) @ contentscript.js:1
R.write @ contentscript.js:1
d @ contentscript.js:1
a.emit @ contentscript.js:10
I @ contentscript.js:1
x @ contentscript.js:1
R.push @ contentscript.js:1
_write @ contentscript.js:1
x @ contentscript.js:1
(anonymous) @ contentscript.js:1
R.write @ contentscript.js:1
d @ contentscript.js:1
a.emit @ contentscript.js:10
I @ contentscript.js:1
x @ contentscript.js:1
R.push @ contentscript.js:1
_write @ contentscript.js:1
x @ contentscript.js:1
(anonymous) @ contentscript.js:1
R.write @ contentscript.js:1
f @ contentscript.js:12
a.emit @ contentscript.js:10
J @ contentscript.js:12
K @ contentscript.js:12
q.push @ contentscript.js:12
(anonymous) @ contentscript.js:10
Show 43 more frames
Show less
utils.ts:23 Error formatting token amount: TypeError: invalid BigNumberish string: Cannot convert 100.0 to a BigInt (argument="value", value="100.0", code=INVALID_ARGUMENT, version=6.15.0)
    at makeError (errors.js:138:21)
    at assert (errors.js:164:15)
    at assertArgument (errors.js:175:5)
    at getBigInt (maths.js:103:75)
    at FixedNumber.fromValue (fixednumber.js:473:73)
    at formatUnits (units.js:60:69)
    at formatTokenAmount (utils.ts:12:34)
    at eval (SupplyAssets.tsx:69:42)
    at Array.map (<anonymous>)
    at SupplyAssets (SupplyAssets.tsx:41:21)
    at renderWithHooks (react-dom.development.js:11121:18)
    at updateFunctionComponent (react-dom.development.js:16290:20)
    at beginWork$1 (react-dom.development.js:18472:16)
    at beginWork (react-dom.development.js:26927:14)
    at performUnitOfWork (react-dom.development.js:25748:12)
    at workLoopSync (react-dom.development.js:25464:5)
    at renderRootSync (react-dom.development.js:25419:7)
    at performSyncWorkOnRoot (react-dom.development.js:24887:20)
    at flushSyncWorkAcrossRoots_impl (react-dom.development.js:7758:13)
    at flushSyncWorkOnAllRoots (react-dom.development.js:7718:3)
    at processRootScheduleInMicrotask (react-dom.development.js:7863:3)
    at eval (react-dom.development.js:8034:7)
window.console.error @ app-index.js:33
console.error @ hydration-error-info.js:63
formatTokenAmount @ utils.ts:23
eval @ SupplyAssets.tsx:69
SupplyAssets @ SupplyAssets.tsx:41
renderWithHooks @ react-dom.development.js:11121
updateFunctionComponent @ react-dom.development.js:16290
beginWork$1 @ react-dom.development.js:18472
beginWork @ react-dom.development.js:26927
performUnitOfWork @ react-dom.development.js:25748
workLoopSync @ react-dom.development.js:25464
renderRootSync @ react-dom.development.js:25419
performSyncWorkOnRoot @ react-dom.development.js:24887
flushSyncWorkAcrossRoots_impl @ react-dom.development.js:7758
flushSyncWorkOnAllRoots @ react-dom.development.js:7718
processRootScheduleInMicrotask @ react-dom.development.js:7863
eval @ react-dom.development.js:8034
setTimeout
(anonymous) @ inpage.js:1
write @ inpage.js:1
j @ inpage.js:1
(anonymous) @ inpage.js:1
R.write @ inpage.js:1
d @ inpage.js:1
a.emit @ inpage.js:10
A @ inpage.js:1
j @ inpage.js:1
R.push @ inpage.js:1
_write @ inpage.js:1
j @ inpage.js:1
(anonymous) @ inpage.js:1
R.write @ inpage.js:1
d @ inpage.js:1
a.emit @ inpage.js:10
A @ inpage.js:1
j @ inpage.js:1
R.push @ inpage.js:1
_onData @ inpage.js:1
_onMessage @ inpage.js:1
postMessage
_postMessage @ contentscript.js:1
_write @ contentscript.js:1
x @ contentscript.js:1
(anonymous) @ contentscript.js:1
R.write @ contentscript.js:1
d @ contentscript.js:1
a.emit @ contentscript.js:10
I @ contentscript.js:1
x @ contentscript.js:1
R.push @ contentscript.js:1
_write @ contentscript.js:1
x @ contentscript.js:1
(anonymous) @ contentscript.js:1
R.write @ contentscript.js:1
d @ contentscript.js:1
a.emit @ contentscript.js:10
I @ contentscript.js:1
x @ contentscript.js:1
R.push @ contentscript.js:1
_write @ contentscript.js:1
x @ contentscript.js:1
(anonymous) @ contentscript.js:1
R.write @ contentscript.js:1
f @ contentscript.js:12
a.emit @ contentscript.js:10
J @ contentscript.js:12
K @ contentscript.js:12
q.push @ contentscript.js:12
(anonymous) @ contentscript.js:10
Show 43 more frames
Show less
utils.ts:23 Error formatting token amount: TypeError: invalid BigNumberish string: Cannot convert 0.0 to a BigInt (argument="value", value="0.0", code=INVALID_ARGUMENT, version=6.15.0)
    at makeError (errors.js:138:21)
    at assert (errors.js:164:15)
    at assertArgument (errors.js:175:5)
    at getBigInt (maths.js:103:75)
    at FixedNumber.fromValue (fixednumber.js:473:73)
    at formatUnits (units.js:60:69)
    at formatTokenAmount (utils.ts:12:34)
    at eval (SupplyAssets.tsx:63:42)
    at Array.map (<anonymous>)
    at SupplyAssets (SupplyAssets.tsx:41:21)
    at renderWithHooks (react-dom.development.js:11121:18)
    at updateFunctionComponent (react-dom.development.js:16290:20)
    at beginWork$1 (react-dom.development.js:18472:16)
    at beginWork (react-dom.development.js:26927:14)
    at performUnitOfWork (react-dom.development.js:25748:12)
    at workLoopSync (react-dom.development.js:25464:5)
    at renderRootSync (react-dom.development.js:25419:7)
    at performSyncWorkOnRoot (react-dom.development.js:24887:20)
    at flushSyncWorkAcrossRoots_impl (react-dom.development.js:7758:13)
    at flushSyncWorkOnAllRoots (react-dom.development.js:7718:3)
    at processRootScheduleInMicrotask (react-dom.development.js:7863:3)
    at eval (react-dom.development.js:8034:7)
window.console.error @ app-index.js:33
console.error @ hydration-error-info.js:63
formatTokenAmount @ utils.ts:23
eval @ SupplyAssets.tsx:63
SupplyAssets @ SupplyAssets.tsx:41
renderWithHooks @ react-dom.development.js:11121
updateFunctionComponent @ react-dom.development.js:16290
beginWork$1 @ react-dom.development.js:18472
beginWork @ react-dom.development.js:26927
performUnitOfWork @ react-dom.development.js:25748
workLoopSync @ react-dom.development.js:25464
renderRootSync @ react-dom.development.js:25419
performSyncWorkOnRoot @ react-dom.development.js:24887
flushSyncWorkAcrossRoots_impl @ react-dom.development.js:7758
flushSyncWorkOnAllRoots @ react-dom.development.js:7718
processRootScheduleInMicrotask @ react-dom.development.js:7863
eval @ react-dom.development.js:8034
setTimeout
(anonymous) @ inpage.js:1
write @ inpage.js:1
j @ inpage.js:1
(anonymous) @ inpage.js:1
R.write @ inpage.js:1
d @ inpage.js:1
a.emit @ inpage.js:10
A @ inpage.js:1
j @ inpage.js:1
R.push @ inpage.js:1
_write @ inpage.js:1
j @ inpage.js:1
(anonymous) @ inpage.js:1
R.write @ inpage.js:1
d @ inpage.js:1
a.emit @ inpage.js:10
A @ inpage.js:1
j @ inpage.js:1
R.push @ inpage.js:1
_onData @ inpage.js:1
_onMessage @ inpage.js:1
postMessage
_postMessage @ contentscript.js:1
_write @ contentscript.js:1
x @ contentscript.js:1
(anonymous) @ contentscript.js:1
R.write @ contentscript.js:1
d @ contentscript.js:1
a.emit @ contentscript.js:10
I @ contentscript.js:1
x @ contentscript.js:1
R.push @ contentscript.js:1
_write @ contentscript.js:1
x @ contentscript.js:1
(anonymous) @ contentscript.js:1
R.write @ contentscript.js:1
d @ contentscript.js:1
a.emit @ contentscript.js:10
I @ contentscript.js:1
x @ contentscript.js:1
R.push @ contentscript.js:1
_write @ contentscript.js:1
x @ contentscript.js:1
(anonymous) @ contentscript.js:1
R.write @ contentscript.js:1
f @ contentscript.js:12
a.emit @ contentscript.js:10
J @ contentscript.js:12
K @ contentscript.js:12
q.push @ contentscript.js:12
(anonymous) @ contentscript.js:10
Show 43 more frames
Show less
utils.ts:23 Error formatting token amount: TypeError: invalid BigNumberish string: Cannot convert 100000.0 to a BigInt (argument="value", value="100000.0", code=INVALID_ARGUMENT, version=6.15.0)
    at makeError (errors.js:138:21)
    at assert (errors.js:164:15)
    at assertArgument (errors.js:175:5)
    at getBigInt (maths.js:103:75)
    at FixedNumber.fromValue (fixednumber.js:473:73)
    at formatUnits (units.js:60:69)
    at formatTokenAmount (utils.ts:12:34)
    at eval (SupplyAssets.tsx:69:42)
    at Array.map (<anonymous>)
    at SupplyAssets (SupplyAssets.tsx:41:21)
    at renderWithHooks (react-dom.development.js:11121:18)
    at updateFunctionComponent (react-dom.development.js:16290:20)
    at beginWork$1 (react-dom.development.js:18472:16)
    at beginWork (react-dom.development.js:26927:14)
    at performUnitOfWork (react-dom.development.js:25748:12)
    at workLoopSync (react-dom.development.js:25464:5)
    at renderRootSync (react-dom.development.js:25419:7)
    at performSyncWorkOnRoot (react-dom.development.js:24887:20)
    at flushSyncWorkAcrossRoots_impl (react-dom.development.js:7758:13)
    at flushSyncWorkOnAllRoots (react-dom.development.js:7718:3)
    at processRootScheduleInMicrotask (react-dom.development.js:7863:3)
    at eval (react-dom.development.js:8034:7)
window.console.error @ app-index.js:33
console.error @ hydration-error-info.js:63
formatTokenAmount @ utils.ts:23
eval @ SupplyAssets.tsx:69
SupplyAssets @ SupplyAssets.tsx:41
renderWithHooks @ react-dom.development.js:11121
updateFunctionComponent @ react-dom.development.js:16290
beginWork$1 @ react-dom.development.js:18472
beginWork @ react-dom.development.js:26927
performUnitOfWork @ react-dom.development.js:25748
workLoopSync @ react-dom.development.js:25464
renderRootSync @ react-dom.development.js:25419
performSyncWorkOnRoot @ react-dom.development.js:24887
flushSyncWorkAcrossRoots_impl @ react-dom.development.js:7758
flushSyncWorkOnAllRoots @ react-dom.development.js:7718
processRootScheduleInMicrotask @ react-dom.development.js:7863
eval @ react-dom.development.js:8034
setTimeout
(anonymous) @ inpage.js:1
write @ inpage.js:1
j @ inpage.js:1
(anonymous) @ inpage.js:1
R.write @ inpage.js:1
d @ inpage.js:1
a.emit @ inpage.js:10
A @ inpage.js:1
j @ inpage.js:1
R.push @ inpage.js:1
_write @ inpage.js:1
j @ inpage.js:1
(anonymous) @ inpage.js:1
R.write @ inpage.js:1
d @ inpage.js:1
a.emit @ inpage.js:10
A @ inpage.js:1
j @ inpage.js:1
R.push @ inpage.js:1
_onData @ inpage.js:1
_onMessage @ inpage.js:1
postMessage
_postMessage @ contentscript.js:1
_write @ contentscript.js:1
x @ contentscript.js:1
(anonymous) @ contentscript.js:1
R.write @ contentscript.js:1
d @ contentscript.js:1
a.emit @ contentscript.js:10
I @ contentscript.js:1
x @ contentscript.js:1
R.push @ contentscript.js:1
_write @ contentscript.js:1
x @ contentscript.js:1
(anonymous) @ contentscript.js:1
R.write @ contentscript.js:1
d @ contentscript.js:1
a.emit @ contentscript.js:10
I @ contentscript.js:1
x @ contentscript.js:1
R.push @ contentscript.js:1
_write @ contentscript.js:1
x @ contentscript.js:1
(anonymous) @ contentscript.js:1
R.write @ contentscript.js:1
f @ contentscript.js:12
a.emit @ contentscript.js:10
J @ contentscript.js:12
K @ contentscript.js:12
q.push @ contentscript.js:12
(anonymous) @ contentscript.js:10
Show 43 more frames
Show less
utils.ts:23 Error formatting token amount: TypeError: invalid BigNumberish string: Cannot convert 0.0 to a BigInt (argument="value", value="0.0", code=INVALID_ARGUMENT, version=6.15.0)
    at makeError (errors.js:138:21)
    at assert (errors.js:164:15)
    at assertArgument (errors.js:175:5)
    at getBigInt (maths.js:103:75)
    at FixedNumber.fromValue (fixednumber.js:473:73)
    at formatUnits (units.js:60:69)
    at formatTokenAmount (utils.ts:12:34)
    at eval (SupplyAssets.tsx:63:42)
    at Array.map (<anonymous>)
    at SupplyAssets (SupplyAssets.tsx:41:21)
    at renderWithHooks (react-dom.development.js:11121:18)
    at updateFunctionComponent (react-dom.development.js:16290:20)
    at beginWork$1 (react-dom.development.js:18472:16)
    at beginWork (react-dom.development.js:26927:14)
    at performUnitOfWork (react-dom.development.js:25748:12)
    at workLoopSync (react-dom.development.js:25464:5)
    at renderRootSync (react-dom.development.js:25419:7)
    at performSyncWorkOnRoot (react-dom.development.js:24887:20)
    at flushSyncWorkAcrossRoots_impl (react-dom.development.js:7758:13)
    at flushSyncWorkOnAllRoots (react-dom.development.js:7718:3)
    at processRootScheduleInMicrotask (react-dom.development.js:7863:3)
    at eval (react-dom.development.js:8034:7)
window.console.error @ app-index.js:33
console.error @ hydration-error-info.js:63
formatTokenAmount @ utils.ts:23
eval @ SupplyAssets.tsx:63
SupplyAssets @ SupplyAssets.tsx:41
renderWithHooks @ react-dom.development.js:11121
updateFunctionComponent @ react-dom.development.js:16290
beginWork$1 @ react-dom.development.js:18472
beginWork @ react-dom.development.js:26927
performUnitOfWork @ react-dom.development.js:25748
workLoopSync @ react-dom.development.js:25464
renderRootSync @ react-dom.development.js:25419
performSyncWorkOnRoot @ react-dom.development.js:24887
flushSyncWorkAcrossRoots_impl @ react-dom.development.js:7758
flushSyncWorkOnAllRoots @ react-dom.development.js:7718
processRootScheduleInMicrotask @ react-dom.development.js:7863
eval @ react-dom.development.js:8034
setTimeout
(anonymous) @ inpage.js:1
write @ inpage.js:1
j @ inpage.js:1
(anonymous) @ inpage.js:1
R.write @ inpage.js:1
d @ inpage.js:1
a.emit @ inpage.js:10
A @ inpage.js:1
j @ inpage.js:1
R.push @ inpage.js:1
_write @ inpage.js:1
j @ inpage.js:1
(anonymous) @ inpage.js:1
R.write @ inpage.js:1
d @ inpage.js:1
a.emit @ inpage.js:10
A @ inpage.js:1
j @ inpage.js:1
R.push @ inpage.js:1
_onData @ inpage.js:1
_onMessage @ inpage.js:1
postMessage
_postMessage @ contentscript.js:1
_write @ contentscript.js:1
x @ contentscript.js:1
(anonymous) @ contentscript.js:1
R.write @ contentscript.js:1
d @ contentscript.js:1
a.emit @ contentscript.js:10
I @ contentscript.js:1
x @ contentscript.js:1
R.push @ contentscript.js:1
_write @ contentscript.js:1
x @ contentscript.js:1
(anonymous) @ contentscript.js:1
R.write @ contentscript.js:1
d @ contentscript.js:1
a.emit @ contentscript.js:10
I @ contentscript.js:1
x @ contentscript.js:1
R.push @ contentscript.js:1
_write @ contentscript.js:1
x @ contentscript.js:1
(anonymous) @ contentscript.js:1
R.write @ contentscript.js:1
f @ contentscript.js:12
a.emit @ contentscript.js:10
J @ contentscript.js:12
K @ contentscript.js:12
q.push @ contentscript.js:12
(anonymous) @ contentscript.js:10
Show 43 more frames
Show less
utils.ts:23 Error formatting token amount: TypeError: invalid BigNumberish string: Cannot convert 100000.0 to a BigInt (argument="value", value="100000.0", code=INVALID_ARGUMENT, version=6.15.0)
    at makeError (errors.js:138:21)
    at assert (errors.js:164:15)
    at assertArgument (errors.js:175:5)
    at getBigInt (maths.js:103:75)
    at FixedNumber.fromValue (fixednumber.js:473:73)
    at formatUnits (units.js:60:69)
    at formatTokenAmount (utils.ts:12:34)
    at eval (SupplyAssets.tsx:69:42)
    at Array.map (<anonymous>)
    at SupplyAssets (SupplyAssets.tsx:41:21)
    at renderWithHooks (react-dom.development.js:11121:18)
    at updateFunctionComponent (react-dom.development.js:16290:20)
    at beginWork$1 (react-dom.development.js:18472:16)
    at beginWork (react-dom.development.js:26927:14)
    at performUnitOfWork (react-dom.development.js:25748:12)
    at workLoopSync (react-dom.development.js:25464:5)
    at renderRootSync (react-dom.development.js:25419:7)
    at performSyncWorkOnRoot (react-dom.development.js:24887:20)
    at flushSyncWorkAcrossRoots_impl (react-dom.development.js:7758:13)
    at flushSyncWorkOnAllRoots (react-dom.development.js:7718:3)
    at processRootScheduleInMicrotask (react-dom.development.js:7863:3)
    at eval (react-dom.development.js:8034:7)
window.console.error @ app-index.js:33
console.error @ hydration-error-info.js:63
formatTokenAmount @ utils.ts:23
eval @ SupplyAssets.tsx:69
SupplyAssets @ SupplyAssets.tsx:41
renderWithHooks @ react-dom.development.js:11121
updateFunctionComponent @ react-dom.development.js:16290
beginWork$1 @ react-dom.development.js:18472
beginWork @ react-dom.development.js:26927
performUnitOfWork @ react-dom.development.js:25748
workLoopSync @ react-dom.development.js:25464
renderRootSync @ react-dom.development.js:25419
performSyncWorkOnRoot @ react-dom.development.js:24887
flushSyncWorkAcrossRoots_impl @ react-dom.development.js:7758
flushSyncWorkOnAllRoots @ react-dom.development.js:7718
processRootScheduleInMicrotask @ react-dom.development.js:7863
eval @ react-dom.development.js:8034
setTimeout
(anonymous) @ inpage.js:1
write @ inpage.js:1
j @ inpage.js:1
(anonymous) @ inpage.js:1
R.write @ inpage.js:1
d @ inpage.js:1
a.emit @ inpage.js:10
A @ inpage.js:1
j @ inpage.js:1
R.push @ inpage.js:1
_write @ inpage.js:1
j @ inpage.js:1
(anonymous) @ inpage.js:1
R.write @ inpage.js:1
d @ inpage.js:1
a.emit @ inpage.js:10
A @ inpage.js:1
j @ inpage.js:1
R.push @ inpage.js:1
_onData @ inpage.js:1
_onMessage @ inpage.js:1
postMessage
_postMessage @ contentscript.js:1
_write @ contentscript.js:1
x @ contentscript.js:1
(anonymous) @ contentscript.js:1
R.write @ contentscript.js:1
d @ contentscript.js:1
a.emit @ contentscript.js:10
I @ contentscript.js:1
x @ contentscript.js:1
R.push @ contentscript.js:1
_write @ contentscript.js:1
x @ contentscript.js:1
(anonymous) @ contentscript.js:1
R.write @ contentscript.js:1
d @ contentscript.js:1
a.emit @ contentscript.js:10
I @ contentscript.js:1
x @ contentscript.js:1
R.push @ contentscript.js:1
_write @ contentscript.js:1
x @ contentscript.js:1
(anonymous) @ contentscript.js:1
R.write @ contentscript.js:1
f @ contentscript.js:12
a.emit @ contentscript.js:10
J @ contentscript.js:12
K @ contentscript.js:12
q.push @ contentscript.js:12
(anonymous) @ contentscript.js:10
Show 43 more frames
Show less
utils.ts:23 Error formatting token amount: TypeError: invalid BigNumberish string: Cannot convert 0.0 to a BigInt (argument="value", value="0.0", code=INVALID_ARGUMENT, version=6.15.0)
    at makeError (errors.js:138:21)
    at assert (errors.js:164:15)
    at assertArgument (errors.js:175:5)
    at getBigInt (maths.js:103:75)
    at FixedNumber.fromValue (fixednumber.js:473:73)
    at formatUnits (units.js:60:69)
    at formatTokenAmount (utils.ts:12:34)
    at eval (SupplyAssets.tsx:63:42)
    at Array.map (<anonymous>)
    at SupplyAssets (SupplyAssets.tsx:41:21)
    at renderWithHooks (react-dom.development.js:11121:18)
    at updateFunctionComponent (react-dom.development.js:16290:20)
    at beginWork$1 (react-dom.development.js:18472:16)
    at beginWork (react-dom.development.js:26927:14)
    at performUnitOfWork (react-dom.development.js:25748:12)
    at workLoopSync (react-dom.development.js:25464:5)
    at renderRootSync (react-dom.development.js:25419:7)
    at performSyncWorkOnRoot (react-dom.development.js:24887:20)
    at flushSyncWorkAcrossRoots_impl (react-dom.development.js:7758:13)
    at flushSyncWorkOnAllRoots (react-dom.development.js:7718:3)
    at processRootScheduleInMicrotask (react-dom.development.js:7863:3)
    at eval (react-dom.development.js:8034:7)
window.console.error @ app-index.js:33
console.error @ hydration-error-info.js:63
formatTokenAmount @ utils.ts:23
eval @ SupplyAssets.tsx:63
SupplyAssets @ SupplyAssets.tsx:41
renderWithHooks @ react-dom.development.js:11121
updateFunctionComponent @ react-dom.development.js:16290
beginWork$1 @ react-dom.development.js:18472
beginWork @ react-dom.development.js:26927
performUnitOfWork @ react-dom.development.js:25748
workLoopSync @ react-dom.development.js:25464
renderRootSync @ react-dom.development.js:25419
performSyncWorkOnRoot @ react-dom.development.js:24887
flushSyncWorkAcrossRoots_impl @ react-dom.development.js:7758
flushSyncWorkOnAllRoots @ react-dom.development.js:7718
processRootScheduleInMicrotask @ react-dom.development.js:7863
eval @ react-dom.development.js:8034
setTimeout
(anonymous) @ inpage.js:1
write @ inpage.js:1
j @ inpage.js:1
(anonymous) @ inpage.js:1
R.write @ inpage.js:1
d @ inpage.js:1
a.emit @ inpage.js:10
A @ inpage.js:1
j @ inpage.js:1
R.push @ inpage.js:1
_write @ inpage.js:1
j @ inpage.js:1
(anonymous) @ inpage.js:1
R.write @ inpage.js:1
d @ inpage.js:1
a.emit @ inpage.js:10
A @ inpage.js:1
j @ inpage.js:1
R.push @ inpage.js:1
_onData @ inpage.js:1
_onMessage @ inpage.js:1
postMessage
_postMessage @ contentscript.js:1
_write @ contentscript.js:1
x @ contentscript.js:1
(anonymous) @ contentscript.js:1
R.write @ contentscript.js:1
d @ contentscript.js:1
a.emit @ contentscript.js:10
I @ contentscript.js:1
x @ contentscript.js:1
R.push @ contentscript.js:1
_write @ contentscript.js:1
x @ contentscript.js:1
(anonymous) @ contentscript.js:1
R.write @ contentscript.js:1
d @ contentscript.js:1
a.emit @ contentscript.js:10
I @ contentscript.js:1
x @ contentscript.js:1
R.push @ contentscript.js:1
_write @ contentscript.js:1
x @ contentscript.js:1
(anonymous) @ contentscript.js:1
R.write @ contentscript.js:1
f @ contentscript.js:12
a.emit @ contentscript.js:10
J @ contentscript.js:12
K @ contentscript.js:12
q.push @ contentscript.js:12
(anonymous) @ contentscript.js:10
Show 43 more frames
Show less
utils.ts:23 Error formatting token amount: TypeError: invalid BigNumberish string: Cannot convert 10000.0 to a BigInt (argument="value", value="10000.0", code=INVALID_ARGUMENT, version=6.15.0)
    at makeError (errors.js:138:21)
    at assert (errors.js:164:15)
    at assertArgument (errors.js:175:5)
    at getBigInt (maths.js:103:75)
    at FixedNumber.fromValue (fixednumber.js:473:73)
    at formatUnits (units.js:60:69)
    at formatTokenAmount (utils.ts:12:34)
    at eval (SupplyAssets.tsx:69:42)
    at Array.map (<anonymous>)
    at SupplyAssets (SupplyAssets.tsx:41:21)
    at renderWithHooks (react-dom.development.js:11121:18)
    at updateFunctionComponent (react-dom.development.js:16290:20)
    at beginWork$1 (react-dom.development.js:18472:16)
    at beginWork (react-dom.development.js:26927:14)
    at performUnitOfWork (react-dom.development.js:25748:12)
    at workLoopSync (react-dom.development.js:25464:5)
    at renderRootSync (react-dom.development.js:25419:7)
    at performSyncWorkOnRoot (react-dom.development.js:24887:20)
    at flushSyncWorkAcrossRoots_impl (react-dom.development.js:7758:13)
    at flushSyncWorkOnAllRoots (react-dom.development.js:7718:3)
    at processRootScheduleInMicrotask (react-dom.development.js:7863:3)
    at eval (react-dom.development.js:8034:7)
window.console.error @ app-index.js:33
console.error @ hydration-error-info.js:63
formatTokenAmount @ utils.ts:23
eval @ SupplyAssets.tsx:69
SupplyAssets @ SupplyAssets.tsx:41
renderWithHooks @ react-dom.development.js:11121
updateFunctionComponent @ react-dom.development.js:16290
beginWork$1 @ react-dom.development.js:18472
beginWork @ react-dom.development.js:26927
performUnitOfWork @ react-dom.development.js:25748
workLoopSync @ react-dom.development.js:25464
renderRootSync @ react-dom.development.js:25419
performSyncWorkOnRoot @ react-dom.development.js:24887
flushSyncWorkAcrossRoots_impl @ react-dom.development.js:7758
flushSyncWorkOnAllRoots @ react-dom.development.js:7718
processRootScheduleInMicrotask @ react-dom.development.js:7863
eval @ react-dom.development.js:8034
setTimeout
(anonymous) @ inpage.js:1
write @ inpage.js:1
j @ inpage.js:1
(anonymous) @ inpage.js:1
R.write @ inpage.js:1
d @ inpage.js:1
a.emit @ inpage.js:10
A @ inpage.js:1
j @ inpage.js:1
R.push @ inpage.js:1
_write @ inpage.js:1
j @ inpage.js:1
(anonymous) @ inpage.js:1
R.write @ inpage.js:1
d @ inpage.js:1
a.emit @ inpage.js:10
A @ inpage.js:1
j @ inpage.js:1
R.push @ inpage.js:1
_onData @ inpage.js:1
_onMessage @ inpage.js:1
postMessage
_postMessage @ contentscript.js:1
_write @ contentscript.js:1
x @ contentscript.js:1
(anonymous) @ contentscript.js:1
R.write @ contentscript.js:1
d @ contentscript.js:1
a.emit @ contentscript.js:10
I @ contentscript.js:1
x @ contentscript.js:1
R.push @ contentscript.js:1
_write @ contentscript.js:1
x @ contentscript.js:1
(anonymous) @ contentscript.js:1
R.write @ contentscript.js:1
d @ contentscript.js:1
a.emit @ contentscript.js:10
I @ contentscript.js:1
x @ contentscript.js:1
R.push @ contentscript.js:1
_write @ contentscript.js:1
x @ contentscript.js:1
(anonymous) @ contentscript.js:1
R.write @ contentscript.js:1
f @ contentscript.js:12
a.emit @ contentscript.js:10
J @ contentscript.js:12
K @ contentscript.js:12
q.push @ contentscript.js:12
(anonymous) @ contentscript.js:10
Show 43 more frames
Show less
utils.ts:23 Error formatting token amount: TypeError: invalid BigNumberish string: Cannot convert 0.0 to a BigInt (argument="value", value="0.0", code=INVALID_ARGUMENT, version=6.15.0)
    at makeError (errors.js:138:21)
    at assert (errors.js:164:15)
    at assertArgument (errors.js:175:5)
    at getBigInt (maths.js:103:75)
    at FixedNumber.fromValue (fixednumber.js:473:73)
    at formatUnits (units.js:60:69)
    at formatTokenAmount (utils.ts:12:34)
    at eval (SupplyAssets.tsx:63:42)
    at Array.map (<anonymous>)
    at SupplyAssets (SupplyAssets.tsx:41:21)
    at renderWithHooksAgain (react-dom.development.js:11272:16)
    at renderWithHooks (react-dom.development.js:11135:18)
    at updateFunctionComponent (react-dom.development.js:16290:20)
    at beginWork$1 (react-dom.development.js:18472:16)
    at beginWork (react-dom.development.js:26927:14)
    at performUnitOfWork (react-dom.development.js:25748:12)
    at workLoopSync (react-dom.development.js:25464:5)
    at renderRootSync (react-dom.development.js:25419:7)
    at performSyncWorkOnRoot (react-dom.development.js:24887:20)
    at flushSyncWorkAcrossRoots_impl (react-dom.development.js:7758:13)
    at flushSyncWorkOnAllRoots (react-dom.development.js:7718:3)
    at processRootScheduleInMicrotask (react-dom.development.js:7863:3)
    at eval (react-dom.development.js:8034:7)
window.console.error @ app-index.js:33
console.error @ hydration-error-info.js:63
formatTokenAmount @ utils.ts:23
eval @ SupplyAssets.tsx:63
SupplyAssets @ SupplyAssets.tsx:41
renderWithHooksAgain @ react-dom.development.js:11272
renderWithHooks @ react-dom.development.js:11135
updateFunctionComponent @ react-dom.development.js:16290
beginWork$1 @ react-dom.development.js:18472
beginWork @ react-dom.development.js:26927
performUnitOfWork @ react-dom.development.js:25748
workLoopSync @ react-dom.development.js:25464
renderRootSync @ react-dom.development.js:25419
performSyncWorkOnRoot @ react-dom.development.js:24887
flushSyncWorkAcrossRoots_impl @ react-dom.development.js:7758
flushSyncWorkOnAllRoots @ react-dom.development.js:7718
processRootScheduleInMicrotask @ react-dom.development.js:7863
eval @ react-dom.development.js:8034
setTimeout
(anonymous) @ inpage.js:1
write @ inpage.js:1
j @ inpage.js:1
(anonymous) @ inpage.js:1
R.write @ inpage.js:1
d @ inpage.js:1
a.emit @ inpage.js:10
A @ inpage.js:1
j @ inpage.js:1
R.push @ inpage.js:1
_write @ inpage.js:1
j @ inpage.js:1
(anonymous) @ inpage.js:1
R.write @ inpage.js:1
d @ inpage.js:1
a.emit @ inpage.js:10
A @ inpage.js:1
j @ inpage.js:1
R.push @ inpage.js:1
_onData @ inpage.js:1
_onMessage @ inpage.js:1
postMessage
_postMessage @ contentscript.js:1
_write @ contentscript.js:1
x @ contentscript.js:1
(anonymous) @ contentscript.js:1
R.write @ contentscript.js:1
d @ contentscript.js:1
a.emit @ contentscript.js:10
I @ contentscript.js:1
x @ contentscript.js:1
R.push @ contentscript.js:1
_write @ contentscript.js:1
x @ contentscript.js:1
(anonymous) @ contentscript.js:1
R.write @ contentscript.js:1
d @ contentscript.js:1
a.emit @ contentscript.js:10
I @ contentscript.js:1
x @ contentscript.js:1
R.push @ contentscript.js:1
_write @ contentscript.js:1
x @ contentscript.js:1
(anonymous) @ contentscript.js:1
R.write @ contentscript.js:1
f @ contentscript.js:12
a.emit @ contentscript.js:10
J @ contentscript.js:12
K @ contentscript.js:12
q.push @ contentscript.js:12
(anonymous) @ contentscript.js:10
Show 44 more frames
Show less
utils.ts:23 Error formatting token amount: TypeError: invalid BigNumberish string: Cannot convert 100.0 to a BigInt (argument="value", value="100.0", code=INVALID_ARGUMENT, version=6.15.0)
    at makeError (errors.js:138:21)
    at assert (errors.js:164:15)
    at assertArgument (errors.js:175:5)
    at getBigInt (maths.js:103:75)
    at FixedNumber.fromValue (fixednumber.js:473:73)
    at formatUnits (units.js:60:69)
    at formatTokenAmount (utils.ts:12:34)
    at eval (SupplyAssets.tsx:69:42)
    at Array.map (<anonymous>)
    at SupplyAssets (SupplyAssets.tsx:41:21)
    at renderWithHooksAgain (react-dom.development.js:11272:16)
    at renderWithHooks (react-dom.development.js:11135:18)
    at updateFunctionComponent (react-dom.development.js:16290:20)
    at beginWork$1 (react-dom.development.js:18472:16)
    at beginWork (react-dom.development.js:26927:14)
    at performUnitOfWork (react-dom.development.js:25748:12)
    at workLoopSync (react-dom.development.js:25464:5)
    at renderRootSync (react-dom.development.js:25419:7)
    at performSyncWorkOnRoot (react-dom.development.js:24887:20)
    at flushSyncWorkAcrossRoots_impl (react-dom.development.js:7758:13)
    at flushSyncWorkOnAllRoots (react-dom.development.js:7718:3)
    at processRootScheduleInMicrotask (react-dom.development.js:7863:3)
    at eval (react-dom.development.js:8034:7)
window.console.error @ app-index.js:33
console.error @ hydration-error-info.js:63
formatTokenAmount @ utils.ts:23
eval @ SupplyAssets.tsx:69
SupplyAssets @ SupplyAssets.tsx:41
renderWithHooksAgain @ react-dom.development.js:11272
renderWithHooks @ react-dom.development.js:11135
updateFunctionComponent @ react-dom.development.js:16290
beginWork$1 @ react-dom.development.js:18472
beginWork @ react-dom.development.js:26927
performUnitOfWork @ react-dom.development.js:25748
workLoopSync @ react-dom.development.js:25464
renderRootSync @ react-dom.development.js:25419
performSyncWorkOnRoot @ react-dom.development.js:24887
flushSyncWorkAcrossRoots_impl @ react-dom.development.js:7758
flushSyncWorkOnAllRoots @ react-dom.development.js:7718
processRootScheduleInMicrotask @ react-dom.development.js:7863
eval @ react-dom.development.js:8034
setTimeout
(anonymous) @ inpage.js:1
write @ inpage.js:1
j @ inpage.js:1
(anonymous) @ inpage.js:1
R.write @ inpage.js:1
d @ inpage.js:1
a.emit @ inpage.js:10
A @ inpage.js:1
j @ inpage.js:1
R.push @ inpage.js:1
_write @ inpage.js:1
j @ inpage.js:1
(anonymous) @ inpage.js:1
R.write @ inpage.js:1
d @ inpage.js:1
a.emit @ inpage.js:10
A @ inpage.js:1
j @ inpage.js:1
R.push @ inpage.js:1
_onData @ inpage.js:1
_onMessage @ inpage.js:1
postMessage
_postMessage @ contentscript.js:1
_write @ contentscript.js:1
x @ contentscript.js:1
(anonymous) @ contentscript.js:1
R.write @ contentscript.js:1
d @ contentscript.js:1
a.emit @ contentscript.js:10
I @ contentscript.js:1
x @ contentscript.js:1
R.push @ contentscript.js:1
_write @ contentscript.js:1
x @ contentscript.js:1
(anonymous) @ contentscript.js:1
R.write @ contentscript.js:1
d @ contentscript.js:1
a.emit @ contentscript.js:10
I @ contentscript.js:1
x @ contentscript.js:1
R.push @ contentscript.js:1
_write @ contentscript.js:1
x @ contentscript.js:1
(anonymous) @ contentscript.js:1
R.write @ contentscript.js:1
f @ contentscript.js:12
a.emit @ contentscript.js:10
J @ contentscript.js:12
K @ contentscript.js:12
q.push @ contentscript.js:12
(anonymous) @ contentscript.js:10
Show 44 more frames
Show less
utils.ts:23 Error formatting token amount: TypeError: invalid BigNumberish string: Cannot convert 0.0 to a BigInt (argument="value", value="0.0", code=INVALID_ARGUMENT, version=6.15.0)
    at makeError (errors.js:138:21)
    at assert (errors.js:164:15)
    at assertArgument (errors.js:175:5)
    at getBigInt (maths.js:103:75)
    at FixedNumber.fromValue (fixednumber.js:473:73)
    at formatUnits (units.js:60:69)
    at formatTokenAmount (utils.ts:12:34)
    at eval (SupplyAssets.tsx:63:42)
    at Array.map (<anonymous>)
    at SupplyAssets (SupplyAssets.tsx:41:21)
    at renderWithHooksAgain (react-dom.development.js:11272:16)
    at renderWithHooks (react-dom.development.js:11135:18)
    at updateFunctionComponent (react-dom.development.js:16290:20)
    at beginWork$1 (react-dom.development.js:18472:16)
    at beginWork (react-dom.development.js:26927:14)
    at performUnitOfWork (react-dom.development.js:25748:12)
    at workLoopSync (react-dom.development.js:25464:5)
    at renderRootSync (react-dom.development.js:25419:7)
    at performSyncWorkOnRoot (react-dom.development.js:24887:20)
    at flushSyncWorkAcrossRoots_impl (react-dom.development.js:7758:13)
    at flushSyncWorkOnAllRoots (react-dom.development.js:7718:3)
    at processRootScheduleInMicrotask (react-dom.development.js:7863:3)
    at eval (react-dom.development.js:8034:7)
window.console.error @ app-index.js:33
console.error @ hydration-error-info.js:63
formatTokenAmount @ utils.ts:23
eval @ SupplyAssets.tsx:63
SupplyAssets @ SupplyAssets.tsx:41
renderWithHooksAgain @ react-dom.development.js:11272
renderWithHooks @ react-dom.development.js:11135
updateFunctionComponent @ react-dom.development.js:16290
beginWork$1 @ react-dom.development.js:18472
beginWork @ react-dom.development.js:26927
performUnitOfWork @ react-dom.development.js:25748
workLoopSync @ react-dom.development.js:25464
renderRootSync @ react-dom.development.js:25419
performSyncWorkOnRoot @ react-dom.development.js:24887
flushSyncWorkAcrossRoots_impl @ react-dom.development.js:7758
flushSyncWorkOnAllRoots @ react-dom.development.js:7718
processRootScheduleInMicrotask @ react-dom.development.js:7863
eval @ react-dom.development.js:8034
setTimeout
(anonymous) @ inpage.js:1
write @ inpage.js:1
j @ inpage.js:1
(anonymous) @ inpage.js:1
R.write @ inpage.js:1
d @ inpage.js:1
a.emit @ inpage.js:10
A @ inpage.js:1
j @ inpage.js:1
R.push @ inpage.js:1
_write @ inpage.js:1
j @ inpage.js:1
(anonymous) @ inpage.js:1
R.write @ inpage.js:1
d @ inpage.js:1
a.emit @ inpage.js:10
A @ inpage.js:1
j @ inpage.js:1
R.push @ inpage.js:1
_onData @ inpage.js:1
_onMessage @ inpage.js:1
postMessage
_postMessage @ contentscript.js:1
_write @ contentscript.js:1
x @ contentscript.js:1
(anonymous) @ contentscript.js:1
R.write @ contentscript.js:1
d @ contentscript.js:1
a.emit @ contentscript.js:10
I @ contentscript.js:1
x @ contentscript.js:1
R.push @ contentscript.js:1
_write @ contentscript.js:1
x @ contentscript.js:1
(anonymous) @ contentscript.js:1
R.write @ contentscript.js:1
d @ contentscript.js:1
a.emit @ contentscript.js:10
I @ contentscript.js:1
x @ contentscript.js:1
R.push @ contentscript.js:1
_write @ contentscript.js:1
x @ contentscript.js:1
(anonymous) @ contentscript.js:1
R.write @ contentscript.js:1
f @ contentscript.js:12
a.emit @ contentscript.js:10
J @ contentscript.js:12
K @ contentscript.js:12
q.push @ contentscript.js:12
(anonymous) @ contentscript.js:10
Show 44 more frames
Show less
utils.ts:23 Error formatting token amount: TypeError: invalid BigNumberish string: Cannot convert 100000.0 to a BigInt (argument="value", value="100000.0", code=INVALID_ARGUMENT, version=6.15.0)
    at makeError (errors.js:138:21)
    at assert (errors.js:164:15)
    at assertArgument (errors.js:175:5)
    at getBigInt (maths.js:103:75)
    at FixedNumber.fromValue (fixednumber.js:473:73)
    at formatUnits (units.js:60:69)
    at formatTokenAmount (utils.ts:12:34)
    at eval (SupplyAssets.tsx:69:42)
    at Array.map (<anonymous>)
    at SupplyAssets (SupplyAssets.tsx:41:21)
    at renderWithHooksAgain (react-dom.development.js:11272:16)
    at renderWithHooks (react-dom.development.js:11135:18)
    at updateFunctionComponent (react-dom.development.js:16290:20)
    at beginWork$1 (react-dom.development.js:18472:16)
    at beginWork (react-dom.development.js:26927:14)
    at performUnitOfWork (react-dom.development.js:25748:12)
    at workLoopSync (react-dom.development.js:25464:5)
    at renderRootSync (react-dom.development.js:25419:7)
    at performSyncWorkOnRoot (react-dom.development.js:24887:20)
    at flushSyncWorkAcrossRoots_impl (react-dom.development.js:7758:13)
    at flushSyncWorkOnAllRoots (react-dom.development.js:7718:3)
    at processRootScheduleInMicrotask (react-dom.development.js:7863:3)
    at eval (react-dom.development.js:8034:7)
window.console.error @ app-index.js:33
console.error @ hydration-error-info.js:63
formatTokenAmount @ utils.ts:23
eval @ SupplyAssets.tsx:69
SupplyAssets @ SupplyAssets.tsx:41
renderWithHooksAgain @ react-dom.development.js:11272
renderWithHooks @ react-dom.development.js:11135
updateFunctionComponent @ react-dom.development.js:16290
beginWork$1 @ react-dom.development.js:18472
beginWork @ react-dom.development.js:26927
performUnitOfWork @ react-dom.development.js:25748
workLoopSync @ react-dom.development.js:25464
renderRootSync @ react-dom.development.js:25419
performSyncWorkOnRoot @ react-dom.development.js:24887
flushSyncWorkAcrossRoots_impl @ react-dom.development.js:7758
flushSyncWorkOnAllRoots @ react-dom.development.js:7718
processRootScheduleInMicrotask @ react-dom.development.js:7863
eval @ react-dom.development.js:8034
setTimeout
(anonymous) @ inpage.js:1
write @ inpage.js:1
j @ inpage.js:1
(anonymous) @ inpage.js:1
R.write @ inpage.js:1
d @ inpage.js:1
a.emit @ inpage.js:10
A @ inpage.js:1
j @ inpage.js:1
R.push @ inpage.js:1
_write @ inpage.js:1
j @ inpage.js:1
(anonymous) @ inpage.js:1
R.write @ inpage.js:1
d @ inpage.js:1
a.emit @ inpage.js:10
A @ inpage.js:1
j @ inpage.js:1
R.push @ inpage.js:1
_onData @ inpage.js:1
_onMessage @ inpage.js:1
postMessage
_postMessage @ contentscript.js:1
_write @ contentscript.js:1
x @ contentscript.js:1
(anonymous) @ contentscript.js:1
R.write @ contentscript.js:1
d @ contentscript.js:1
a.emit @ contentscript.js:10
I @ contentscript.js:1
x @ contentscript.js:1
R.push @ contentscript.js:1
_write @ contentscript.js:1
x @ contentscript.js:1
(anonymous) @ contentscript.js:1
R.write @ contentscript.js:1
d @ contentscript.js:1
a.emit @ contentscript.js:10
I @ contentscript.js:1
x @ contentscript.js:1
R.push @ contentscript.js:1
_write @ contentscript.js:1
x @ contentscript.js:1
(anonymous) @ contentscript.js:1
R.write @ contentscript.js:1
f @ contentscript.js:12
a.emit @ contentscript.js:10
J @ contentscript.js:12
K @ contentscript.js:12
q.push @ contentscript.js:12
(anonymous) @ contentscript.js:10
Show 44 more frames
Show less
utils.ts:23 Error formatting token amount: TypeError: invalid BigNumberish string: Cannot convert 0.0 to a BigInt (argument="value", value="0.0", code=INVALID_ARGUMENT, version=6.15.0)
    at makeError (errors.js:138:21)
    at assert (errors.js:164:15)
    at assertArgument (errors.js:175:5)
    at getBigInt (maths.js:103:75)
    at FixedNumber.fromValue (fixednumber.js:473:73)
    at formatUnits (units.js:60:69)
    at formatTokenAmount (utils.ts:12:34)
    at eval (SupplyAssets.tsx:63:42)
    at Array.map (<anonymous>)
    at SupplyAssets (SupplyAssets.tsx:41:21)
    at renderWithHooksAgain (react-dom.development.js:11272:16)
    at renderWithHooks (react-dom.development.js:11135:18)
    at updateFunctionComponent (react-dom.development.js:16290:20)
    at beginWork$1 (react-dom.development.js:18472:16)
    at beginWork (react-dom.development.js:26927:14)
    at performUnitOfWork (react-dom.development.js:25748:12)
    at workLoopSync (react-dom.development.js:25464:5)
    at renderRootSync (react-dom.development.js:25419:7)
    at performSyncWorkOnRoot (react-dom.development.js:24887:20)
    at flushSyncWorkAcrossRoots_impl (react-dom.development.js:7758:13)
    at flushSyncWorkOnAllRoots (react-dom.development.js:7718:3)
    at processRootScheduleInMicrotask (react-dom.development.js:7863:3)
    at eval (react-dom.development.js:8034:7)
window.console.error @ app-index.js:33
console.error @ hydration-error-info.js:63
formatTokenAmount @ utils.ts:23
eval @ SupplyAssets.tsx:63
SupplyAssets @ SupplyAssets.tsx:41
renderWithHooksAgain @ react-dom.development.js:11272
renderWithHooks @ react-dom.development.js:11135
updateFunctionComponent @ react-dom.development.js:16290
beginWork$1 @ react-dom.development.js:18472
beginWork @ react-dom.development.js:26927
performUnitOfWork @ react-dom.development.js:25748
workLoopSync @ react-dom.development.js:25464
renderRootSync @ react-dom.development.js:25419
performSyncWorkOnRoot @ react-dom.development.js:24887
flushSyncWorkAcrossRoots_impl @ react-dom.development.js:7758
flushSyncWorkOnAllRoots @ react-dom.development.js:7718
processRootScheduleInMicrotask @ react-dom.development.js:7863
eval @ react-dom.development.js:8034
setTimeout
(anonymous) @ inpage.js:1
write @ inpage.js:1
j @ inpage.js:1
(anonymous) @ inpage.js:1
R.write @ inpage.js:1
d @ inpage.js:1
a.emit @ inpage.js:10
A @ inpage.js:1
j @ inpage.js:1
R.push @ inpage.js:1
_write @ inpage.js:1
j @ inpage.js:1
(anonymous) @ inpage.js:1
R.write @ inpage.js:1
d @ inpage.js:1
a.emit @ inpage.js:10
A @ inpage.js:1
j @ inpage.js:1
R.push @ inpage.js:1
_onData @ inpage.js:1
_onMessage @ inpage.js:1
postMessage
_postMessage @ contentscript.js:1
_write @ contentscript.js:1
x @ contentscript.js:1
(anonymous) @ contentscript.js:1
R.write @ contentscript.js:1
d @ contentscript.js:1
a.emit @ contentscript.js:10
I @ contentscript.js:1
x @ contentscript.js:1
R.push @ contentscript.js:1
_write @ contentscript.js:1
x @ contentscript.js:1
(anonymous) @ contentscript.js:1
R.write @ contentscript.js:1
d @ contentscript.js:1
a.emit @ contentscript.js:10
I @ contentscript.js:1
x @ contentscript.js:1
R.push @ contentscript.js:1
_write @ contentscript.js:1
x @ contentscript.js:1
(anonymous) @ contentscript.js:1
R.write @ contentscript.js:1
f @ contentscript.js:12
a.emit @ contentscript.js:10
J @ contentscript.js:12
K @ contentscript.js:12
q.push @ contentscript.js:12
(anonymous) @ contentscript.js:10
Show 44 more frames
Show less
utils.ts:23 Error formatting token amount: TypeError: invalid BigNumberish string: Cannot convert 100000.0 to a BigInt (argument="value", value="100000.0", code=INVALID_ARGUMENT, version=6.15.0)
    at makeError (errors.js:138:21)
    at assert (errors.js:164:15)
    at assertArgument (errors.js:175:5)
    at getBigInt (maths.js:103:75)
    at FixedNumber.fromValue (fixednumber.js:473:73)
    at formatUnits (units.js:60:69)
    at formatTokenAmount (utils.ts:12:34)
    at eval (SupplyAssets.tsx:69:42)
    at Array.map (<anonymous>)
    at SupplyAssets (SupplyAssets.tsx:41:21)
    at renderWithHooksAgain (react-dom.development.js:11272:16)
    at renderWithHooks (react-dom.development.js:11135:18)
    at updateFunctionComponent (react-dom.development.js:16290:20)
    at beginWork$1 (react-dom.development.js:18472:16)
    at beginWork (react-dom.development.js:26927:14)
    at performUnitOfWork (react-dom.development.js:25748:12)
    at workLoopSync (react-dom.development.js:25464:5)
    at renderRootSync (react-dom.development.js:25419:7)
    at performSyncWorkOnRoot (react-dom.development.js:24887:20)
    at flushSyncWorkAcrossRoots_impl (react-dom.development.js:7758:13)
    at flushSyncWorkOnAllRoots (react-dom.development.js:7718:3)
    at processRootScheduleInMicrotask (react-dom.development.js:7863:3)
    at eval (react-dom.development.js:8034:7)
window.console.error @ app-index.js:33
console.error @ hydration-error-info.js:63
formatTokenAmount @ utils.ts:23
eval @ SupplyAssets.tsx:69
SupplyAssets @ SupplyAssets.tsx:41
renderWithHooksAgain @ react-dom.development.js:11272
renderWithHooks @ react-dom.development.js:11135
updateFunctionComponent @ react-dom.development.js:16290
beginWork$1 @ react-dom.development.js:18472
beginWork @ react-dom.development.js:26927
performUnitOfWork @ react-dom.development.js:25748
workLoopSync @ react-dom.development.js:25464
renderRootSync @ react-dom.development.js:25419
performSyncWorkOnRoot @ react-dom.development.js:24887
flushSyncWorkAcrossRoots_impl @ react-dom.development.js:7758
flushSyncWorkOnAllRoots @ react-dom.development.js:7718
processRootScheduleInMicrotask @ react-dom.development.js:7863
eval @ react-dom.development.js:8034
setTimeout
(anonymous) @ inpage.js:1
write @ inpage.js:1
j @ inpage.js:1
(anonymous) @ inpage.js:1
R.write @ inpage.js:1
d @ inpage.js:1
a.emit @ inpage.js:10
A @ inpage.js:1
j @ inpage.js:1
R.push @ inpage.js:1
_write @ inpage.js:1
j @ inpage.js:1
(anonymous) @ inpage.js:1
R.write @ inpage.js:1
d @ inpage.js:1
a.emit @ inpage.js:10
A @ inpage.js:1
j @ inpage.js:1
R.push @ inpage.js:1
_onData @ inpage.js:1
_onMessage @ inpage.js:1
postMessage
_postMessage @ contentscript.js:1
_write @ contentscript.js:1
x @ contentscript.js:1
(anonymous) @ contentscript.js:1
R.write @ contentscript.js:1
d @ contentscript.js:1
a.emit @ contentscript.js:10
I @ contentscript.js:1
x @ contentscript.js:1
R.push @ contentscript.js:1
_write @ contentscript.js:1
x @ contentscript.js:1
(anonymous) @ contentscript.js:1
R.write @ contentscript.js:1
d @ contentscript.js:1
a.emit @ contentscript.js:10
I @ contentscript.js:1
x @ contentscript.js:1
R.push @ contentscript.js:1
_write @ contentscript.js:1
x @ contentscript.js:1
(anonymous) @ contentscript.js:1
R.write @ contentscript.js:1
f @ contentscript.js:12
a.emit @ contentscript.js:10
J @ contentscript.js:12
K @ contentscript.js:12
q.push @ contentscript.js:12
(anonymous) @ contentscript.js:10
Show 44 more frames
Show less
utils.ts:23 Error formatting token amount: TypeError: invalid BigNumberish string: Cannot convert 0.0 to a BigInt (argument="value", value="0.0", code=INVALID_ARGUMENT, version=6.15.0)
    at makeError (errors.js:138:21)
    at assert (errors.js:164:15)
    at assertArgument (errors.js:175:5)
    at getBigInt (maths.js:103:75)
    at FixedNumber.fromValue (fixednumber.js:473:73)
    at formatUnits (units.js:60:69)
    at formatTokenAmount (utils.ts:12:34)
    at eval (SupplyAssets.tsx:63:42)
    at Array.map (<anonymous>)
    at SupplyAssets (SupplyAssets.tsx:41:21)
    at renderWithHooksAgain (react-dom.development.js:11272:16)
    at renderWithHooks (react-dom.development.js:11135:18)
    at updateFunctionComponent (react-dom.development.js:16290:20)
    at beginWork$1 (react-dom.development.js:18472:16)
    at beginWork (react-dom.development.js:26927:14)
    at performUnitOfWork (react-dom.development.js:25748:12)
    at workLoopSync (react-dom.development.js:25464:5)
    at renderRootSync (react-dom.development.js:25419:7)
    at performSyncWorkOnRoot (react-dom.development.js:24887:20)
    at flushSyncWorkAcrossRoots_impl (react-dom.development.js:7758:13)
    at flushSyncWorkOnAllRoots (react-dom.development.js:7718:3)
    at processRootScheduleInMicrotask (react-dom.development.js:7863:3)
    at eval (react-dom.development.js:8034:7)
window.console.error @ app-index.js:33
console.error @ hydration-error-info.js:63
formatTokenAmount @ utils.ts:23
eval @ SupplyAssets.tsx:63
SupplyAssets @ SupplyAssets.tsx:41
renderWithHooksAgain @ react-dom.development.js:11272
renderWithHooks @ react-dom.development.js:11135
updateFunctionComponent @ react-dom.development.js:16290
beginWork$1 @ react-dom.development.js:18472
beginWork @ react-dom.development.js:26927
performUnitOfWork @ react-dom.development.js:25748
workLoopSync @ react-dom.development.js:25464
renderRootSync @ react-dom.development.js:25419
performSyncWorkOnRoot @ react-dom.development.js:24887
flushSyncWorkAcrossRoots_impl @ react-dom.development.js:7758
flushSyncWorkOnAllRoots @ react-dom.development.js:7718
processRootScheduleInMicrotask @ react-dom.development.js:7863
eval @ react-dom.development.js:8034
setTimeout
(anonymous) @ inpage.js:1
write @ inpage.js:1
j @ inpage.js:1
(anonymous) @ inpage.js:1
R.write @ inpage.js:1
d @ inpage.js:1
a.emit @ inpage.js:10
A @ inpage.js:1
j @ inpage.js:1
R.push @ inpage.js:1
_write @ inpage.js:1
j @ inpage.js:1
(anonymous) @ inpage.js:1
R.write @ inpage.js:1
d @ inpage.js:1
a.emit @ inpage.js:10
A @ inpage.js:1
j @ inpage.js:1
R.push @ inpage.js:1
_onData @ inpage.js:1
_onMessage @ inpage.js:1
postMessage
_postMessage @ contentscript.js:1
_write @ contentscript.js:1
x @ contentscript.js:1
(anonymous) @ contentscript.js:1
R.write @ contentscript.js:1
d @ contentscript.js:1
a.emit @ contentscript.js:10
I @ contentscript.js:1
x @ contentscript.js:1
R.push @ contentscript.js:1
_write @ contentscript.js:1
x @ contentscript.js:1
(anonymous) @ contentscript.js:1
R.write @ contentscript.js:1
d @ contentscript.js:1
a.emit @ contentscript.js:10
I @ contentscript.js:1
x @ contentscript.js:1
R.push @ contentscript.js:1
_write @ contentscript.js:1
x @ contentscript.js:1
(anonymous) @ contentscript.js:1
R.write @ contentscript.js:1
f @ contentscript.js:12
a.emit @ contentscript.js:10
J @ contentscript.js:12
K @ contentscript.js:12
q.push @ contentscript.js:12
(anonymous) @ contentscript.js:10
Show 44 more frames
Show less
utils.ts:23 Error formatting token amount: TypeError: invalid BigNumberish string: Cannot convert 10000.0 to a BigInt (argument="value", value="10000.0", code=INVALID_ARGUMENT, version=6.15.0)
    at makeError (errors.js:138:21)
    at assert (errors.js:164:15)
    at assertArgument (errors.js:175:5)
    at getBigInt (maths.js:103:75)
    at FixedNumber.fromValue (fixednumber.js:473:73)
    at formatUnits (units.js:60:69)
    at formatTokenAmount (utils.ts:12:34)
    at eval (SupplyAssets.tsx:69:42)
    at Array.map (<anonymous>)
    at SupplyAssets (SupplyAssets.tsx:41:21)
    at renderWithHooksAgain (react-dom.development.js:11272:16)
    at renderWithHooks (react-dom.development.js:11135:18)
    at updateFunctionComponent (react-dom.development.js:16290:20)
    at beginWork$1 (react-dom.development.js:18472:16)
    at beginWork (react-dom.development.js:26927:14)
    at performUnitOfWork (react-dom.development.js:25748:12)
    at workLoopSync (react-dom.development.js:25464:5)
    at renderRootSync (react-dom.development.js:25419:7)
    at performSyncWorkOnRoot (react-dom.development.js:24887:20)
    at flushSyncWorkAcrossRoots_impl (react-dom.development.js:7758:13)
    at flushSyncWorkOnAllRoots (react-dom.development.js:7718:3)
    at processRootScheduleInMicrotask (react-dom.development.js:7863:3)
    at eval (react-dom.development.js:8034:7)
window.console.error @ app-index.js:33
console.error @ hydration-error-info.js:63
formatTokenAmount @ utils.ts:23
eval @ SupplyAssets.tsx:69
SupplyAssets @ SupplyAssets.tsx:41
renderWithHooksAgain @ react-dom.development.js:11272
renderWithHooks @ react-dom.development.js:11135
updateFunctionComponent @ react-dom.development.js:16290
beginWork$1 @ react-dom.development.js:18472
beginWork @ react-dom.development.js:26927
performUnitOfWork @ react-dom.development.js:25748
workLoopSync @ react-dom.development.js:25464
renderRootSync @ react-dom.development.js:25419
performSyncWorkOnRoot @ react-dom.development.js:24887
flushSyncWorkAcrossRoots_impl @ react-dom.development.js:7758
flushSyncWorkOnAllRoots @ react-dom.development.js:7718
processRootScheduleInMicrotask @ react-dom.development.js:7863
eval @ react-dom.development.js:8034
setTimeout
(anonymous) @ inpage.js:1
write @ inpage.js:1
j @ inpage.js:1
(anonymous) @ inpage.js:1
R.write @ inpage.js:1
d @ inpage.js:1
a.emit @ inpage.js:10
A @ inpage.js:1
j @ inpage.js:1
R.push @ inpage.js:1
_write @ inpage.js:1
j @ inpage.js:1
(anonymous) @ inpage.js:1
R.write @ inpage.js:1
d @ inpage.js:1
a.emit @ inpage.js:10
A @ inpage.js:1
j @ inpage.js:1
R.push @ inpage.js:1
_onData @ inpage.js:1
_onMessage @ inpage.js:1
postMessage
_postMessage @ contentscript.js:1
_write @ contentscript.js:1
x @ contentscript.js:1
(anonymous) @ contentscript.js:1
R.write @ contentscript.js:1
d @ contentscript.js:1
a.emit @ contentscript.js:10
I @ contentscript.js:1
x @ contentscript.js:1
R.push @ contentscript.js:1
_write @ contentscript.js:1
x @ contentscript.js:1
(anonymous) @ contentscript.js:1
R.write @ contentscript.js:1
d @ contentscript.js:1
a.emit @ contentscript.js:10
I @ contentscript.js:1
x @ contentscript.js:1
R.push @ contentscript.js:1
_write @ contentscript.js:1
x @ contentscript.js:1
(anonymous) @ contentscript.js:1
R.write @ contentscript.js:1
f @ contentscript.js:12
a.emit @ contentscript.js:10
J @ contentscript.js:12
K @ contentscript.js:12
q.push @ contentscript.js:12
(anonymous) @ contentscript.js:10
Show 44 more frames
Show less
hot-reloader-client.js:187 [Fast Refresh] rebuilding
hot-reloader-client.js:44 [Fast Refresh] done in 719ms
utils.ts:23 Error formatting token amount: TypeError: invalid BigNumberish string: Cannot convert 0.0 to a BigInt (argument="value", value="0.0", code=INVALID_ARGUMENT, version=6.15.0)
    at makeError (errors.js:138:21)
    at assert (errors.js:164:15)
    at assertArgument (errors.js:175:5)
    at getBigInt (maths.js:103:75)
    at FixedNumber.fromValue (fixednumber.js:473:73)
    at formatUnits (units.js:60:69)
    at formatTokenAmount (utils.ts:12:34)
    at eval (SupplyAssets.tsx:63:42)
    at Array.map (<anonymous>)
    at SupplyAssets (SupplyAssets.tsx:41:21)
    at renderWithHooks (react-dom.development.js:11121:18)
    at mountIndeterminateComponent (react-dom.development.js:16869:13)
    at beginWork$1 (react-dom.development.js:18458:16)
    at beginWork (react-dom.development.js:26927:14)
    at performUnitOfWork (react-dom.development.js:25748:12)
    at workLoopSync (react-dom.development.js:25464:5)
    at renderRootSync (react-dom.development.js:25419:7)
    at performConcurrentWorkOnRoot (react-dom.development.js:24504:74)
    at workLoop (scheduler.development.js:256:34)
    at flushWork (scheduler.development.js:225:14)
    at MessagePort.performWorkUntilDeadline (scheduler.development.js:534:21)
window.console.error @ app-index.js:33
console.error @ hydration-error-info.js:63
formatTokenAmount @ utils.ts:23
eval @ SupplyAssets.tsx:63
SupplyAssets @ SupplyAssets.tsx:41
renderWithHooks @ react-dom.development.js:11121
mountIndeterminateComponent @ react-dom.development.js:16869
beginWork$1 @ react-dom.development.js:18458
beginWork @ react-dom.development.js:26927
performUnitOfWork @ react-dom.development.js:25748
workLoopSync @ react-dom.development.js:25464
renderRootSync @ react-dom.development.js:25419
performConcurrentWorkOnRoot @ react-dom.development.js:24504
workLoop @ scheduler.development.js:256
flushWork @ scheduler.development.js:225
performWorkUntilDeadline @ scheduler.development.js:534
Show 13 more frames
Show less
utils.ts:23 Error formatting token amount: TypeError: invalid BigNumberish string: Cannot convert 100.0 to a BigInt (argument="value", value="100.0", code=INVALID_ARGUMENT, version=6.15.0)
    at makeError (errors.js:138:21)
    at assert (errors.js:164:15)
    at assertArgument (errors.js:175:5)
    at getBigInt (maths.js:103:75)
    at FixedNumber.fromValue (fixednumber.js:473:73)
    at formatUnits (units.js:60:69)
    at formatTokenAmount (utils.ts:12:34)
    at eval (SupplyAssets.tsx:69:42)
    at Array.map (<anonymous>)
    at SupplyAssets (SupplyAssets.tsx:41:21)
    at renderWithHooks (react-dom.development.js:11121:18)
    at mountIndeterminateComponent (react-dom.development.js:16869:13)
    at beginWork$1 (react-dom.development.js:18458:16)
    at beginWork (react-dom.development.js:26927:14)
    at performUnitOfWork (react-dom.development.js:25748:12)
    at workLoopSync (react-dom.development.js:25464:5)
    at renderRootSync (react-dom.development.js:25419:7)
    at performConcurrentWorkOnRoot (react-dom.development.js:24504:74)
    at workLoop (scheduler.development.js:256:34)
    at flushWork (scheduler.development.js:225:14)
    at MessagePort.performWorkUntilDeadline (scheduler.development.js:534:21)
window.console.error @ app-index.js:33
console.error @ hydration-error-info.js:63
formatTokenAmount @ utils.ts:23
eval @ SupplyAssets.tsx:69
SupplyAssets @ SupplyAssets.tsx:41
renderWithHooks @ react-dom.development.js:11121
mountIndeterminateComponent @ react-dom.development.js:16869
beginWork$1 @ react-dom.development.js:18458
beginWork @ react-dom.development.js:26927
performUnitOfWork @ react-dom.development.js:25748
workLoopSync @ react-dom.development.js:25464
renderRootSync @ react-dom.development.js:25419
performConcurrentWorkOnRoot @ react-dom.development.js:24504
workLoop @ scheduler.development.js:256
flushWork @ scheduler.development.js:225
performWorkUntilDeadline @ scheduler.development.js:534
Show 13 more frames
Show less
utils.ts:23 Error formatting token amount: TypeError: invalid BigNumberish string: Cannot convert 0.0 to a BigInt (argument="value", value="0.0", code=INVALID_ARGUMENT, version=6.15.0)
    at makeError (errors.js:138:21)
    at assert (errors.js:164:15)
    at assertArgument (errors.js:175:5)
    at getBigInt (maths.js:103:75)
    at FixedNumber.fromValue (fixednumber.js:473:73)
    at formatUnits (units.js:60:69)
    at formatTokenAmount (utils.ts:12:34)
    at eval (SupplyAssets.tsx:63:42)
    at Array.map (<anonymous>)
    at SupplyAssets (SupplyAssets.tsx:41:21)
    at renderWithHooks (react-dom.development.js:11121:18)
    at mountIndeterminateComponent (react-dom.development.js:16869:13)
    at beginWork$1 (react-dom.development.js:18458:16)
    at beginWork (react-dom.development.js:26927:14)
    at performUnitOfWork (react-dom.development.js:25748:12)
    at workLoopSync (react-dom.development.js:25464:5)
    at renderRootSync (react-dom.development.js:25419:7)
    at performConcurrentWorkOnRoot (react-dom.development.js:24504:74)
    at workLoop (scheduler.development.js:256:34)
    at flushWork (scheduler.development.js:225:14)
    at MessagePort.performWorkUntilDeadline (scheduler.development.js:534:21)
window.console.error @ app-index.js:33
console.error @ hydration-error-info.js:63
formatTokenAmount @ utils.ts:23
eval @ SupplyAssets.tsx:63
SupplyAssets @ SupplyAssets.tsx:41
renderWithHooks @ react-dom.development.js:11121
mountIndeterminateComponent @ react-dom.development.js:16869
beginWork$1 @ react-dom.development.js:18458
beginWork @ react-dom.development.js:26927
performUnitOfWork @ react-dom.development.js:25748
workLoopSync @ react-dom.development.js:25464
renderRootSync @ react-dom.development.js:25419
performConcurrentWorkOnRoot @ react-dom.development.js:24504
workLoop @ scheduler.development.js:256
flushWork @ scheduler.development.js:225
performWorkUntilDeadline @ scheduler.development.js:534
Show 13 more frames
Show less
utils.ts:23 Error formatting token amount: TypeError: invalid BigNumberish string: Cannot convert 100000.0 to a BigInt (argument="value", value="100000.0", code=INVALID_ARGUMENT, version=6.15.0)
    at makeError (errors.js:138:21)
    at assert (errors.js:164:15)
    at assertArgument (errors.js:175:5)
    at getBigInt (maths.js:103:75)
    at FixedNumber.fromValue (fixednumber.js:473:73)
    at formatUnits (units.js:60:69)
    at formatTokenAmount (utils.ts:12:34)
    at eval (SupplyAssets.tsx:69:42)
    at Array.map (<anonymous>)
    at SupplyAssets (SupplyAssets.tsx:41:21)
    at renderWithHooks (react-dom.development.js:11121:18)
    at mountIndeterminateComponent (react-dom.development.js:16869:13)
    at beginWork$1 (react-dom.development.js:18458:16)
    at beginWork (react-dom.development.js:26927:14)
    at performUnitOfWork (react-dom.development.js:25748:12)
    at workLoopSync (react-dom.development.js:25464:5)
    at renderRootSync (react-dom.development.js:25419:7)
    at performConcurrentWorkOnRoot (react-dom.development.js:24504:74)
    at workLoop (scheduler.development.js:256:34)
    at flushWork (scheduler.development.js:225:14)
    at MessagePort.performWorkUntilDeadline (scheduler.development.js:534:21)
window.console.error @ app-index.js:33
console.error @ hydration-error-info.js:63
formatTokenAmount @ utils.ts:23
eval @ SupplyAssets.tsx:69
SupplyAssets @ SupplyAssets.tsx:41
renderWithHooks @ react-dom.development.js:11121
mountIndeterminateComponent @ react-dom.development.js:16869
beginWork$1 @ react-dom.development.js:18458
beginWork @ react-dom.development.js:26927
performUnitOfWork @ react-dom.development.js:25748
workLoopSync @ react-dom.development.js:25464
renderRootSync @ react-dom.development.js:25419
performConcurrentWorkOnRoot @ react-dom.development.js:24504
workLoop @ scheduler.development.js:256
flushWork @ scheduler.development.js:225
performWorkUntilDeadline @ scheduler.development.js:534
Show 13 more frames
Show less
utils.ts:23 Error formatting token amount: TypeError: invalid BigNumberish string: Cannot convert 0.0 to a BigInt (argument="value", value="0.0", code=INVALID_ARGUMENT, version=6.15.0)
    at makeError (errors.js:138:21)
    at assert (errors.js:164:15)
    at assertArgument (errors.js:175:5)
    at getBigInt (maths.js:103:75)
    at FixedNumber.fromValue (fixednumber.js:473:73)
    at formatUnits (units.js:60:69)
    at formatTokenAmount (utils.ts:12:34)
    at eval (SupplyAssets.tsx:63:42)
    at Array.map (<anonymous>)
    at SupplyAssets (SupplyAssets.tsx:41:21)
    at renderWithHooks (react-dom.development.js:11121:18)
    at mountIndeterminateComponent (react-dom.development.js:16869:13)
    at beginWork$1 (react-dom.development.js:18458:16)
    at beginWork (react-dom.development.js:26927:14)
    at performUnitOfWork (react-dom.development.js:25748:12)
    at workLoopSync (react-dom.development.js:25464:5)
    at renderRootSync (react-dom.development.js:25419:7)
    at performConcurrentWorkOnRoot (react-dom.development.js:24504:74)
    at workLoop (scheduler.development.js:256:34)
    at flushWork (scheduler.development.js:225:14)
    at MessagePort.performWorkUntilDeadline (scheduler.development.js:534:21)
window.console.error @ app-index.js:33
console.error @ hydration-error-info.js:63
formatTokenAmount @ utils.ts:23
eval @ SupplyAssets.tsx:63
SupplyAssets @ SupplyAssets.tsx:41
renderWithHooks @ react-dom.development.js:11121
mountIndeterminateComponent @ react-dom.development.js:16869
beginWork$1 @ react-dom.development.js:18458
beginWork @ react-dom.development.js:26927
performUnitOfWork @ react-dom.development.js:25748
workLoopSync @ react-dom.development.js:25464
renderRootSync @ react-dom.development.js:25419
performConcurrentWorkOnRoot @ react-dom.development.js:24504
workLoop @ scheduler.development.js:256
flushWork @ scheduler.development.js:225
performWorkUntilDeadline @ scheduler.development.js:534
Show 13 more frames
Show less
utils.ts:23 Error formatting token amount: TypeError: invalid BigNumberish string: Cannot convert 100000.0 to a BigInt (argument="value", value="100000.0", code=INVALID_ARGUMENT, version=6.15.0)
    at makeError (errors.js:138:21)
    at assert (errors.js:164:15)
    at assertArgument (errors.js:175:5)
    at getBigInt (maths.js:103:75)
    at FixedNumber.fromValue (fixednumber.js:473:73)
    at formatUnits (units.js:60:69)
    at formatTokenAmount (utils.ts:12:34)
    at eval (SupplyAssets.tsx:69:42)
    at Array.map (<anonymous>)
    at SupplyAssets (SupplyAssets.tsx:41:21)
    at renderWithHooks (react-dom.development.js:11121:18)
    at mountIndeterminateComponent (react-dom.development.js:16869:13)
    at beginWork$1 (react-dom.development.js:18458:16)
    at beginWork (react-dom.development.js:26927:14)
    at performUnitOfWork (react-dom.development.js:25748:12)
    at workLoopSync (react-dom.development.js:25464:5)
    at renderRootSync (react-dom.development.js:25419:7)
    at performConcurrentWorkOnRoot (react-dom.development.js:24504:74)
    at workLoop (scheduler.development.js:256:34)
    at flushWork (scheduler.development.js:225:14)
    at MessagePort.performWorkUntilDeadline (scheduler.development.js:534:21)
window.console.error @ app-index.js:33
console.error @ hydration-error-info.js:63
formatTokenAmount @ utils.ts:23
eval @ SupplyAssets.tsx:69
SupplyAssets @ SupplyAssets.tsx:41
renderWithHooks @ react-dom.development.js:11121
mountIndeterminateComponent @ react-dom.development.js:16869
beginWork$1 @ react-dom.development.js:18458
beginWork @ react-dom.development.js:26927
performUnitOfWork @ react-dom.development.js:25748
workLoopSync @ react-dom.development.js:25464
renderRootSync @ react-dom.development.js:25419
performConcurrentWorkOnRoot @ react-dom.development.js:24504
workLoop @ scheduler.development.js:256
flushWork @ scheduler.development.js:225
performWorkUntilDeadline @ scheduler.development.js:534
Show 13 more frames
Show less
utils.ts:23 Error formatting token amount: TypeError: invalid BigNumberish string: Cannot convert 0.0 to a BigInt (argument="value", value="0.0", code=INVALID_ARGUMENT, version=6.15.0)
    at makeError (errors.js:138:21)
    at assert (errors.js:164:15)
    at assertArgument (errors.js:175:5)
    at getBigInt (maths.js:103:75)
    at FixedNumber.fromValue (fixednumber.js:473:73)
    at formatUnits (units.js:60:69)
    at formatTokenAmount (utils.ts:12:34)
    at eval (SupplyAssets.tsx:63:42)
    at Array.map (<anonymous>)
    at SupplyAssets (SupplyAssets.tsx:41:21)
    at renderWithHooks (react-dom.development.js:11121:18)
    at mountIndeterminateComponent (react-dom.development.js:16869:13)
    at beginWork$1 (react-dom.development.js:18458:16)
    at beginWork (react-dom.development.js:26927:14)
    at performUnitOfWork (react-dom.development.js:25748:12)
    at workLoopSync (react-dom.development.js:25464:5)
    at renderRootSync (react-dom.development.js:25419:7)
    at performConcurrentWorkOnRoot (react-dom.development.js:24504:74)
    at workLoop (scheduler.development.js:256:34)
    at flushWork (scheduler.development.js:225:14)
    at MessagePort.performWorkUntilDeadline (scheduler.development.js:534:21)
window.console.error @ app-index.js:33
console.error @ hydration-error-info.js:63
formatTokenAmount @ utils.ts:23
eval @ SupplyAssets.tsx:63
SupplyAssets @ SupplyAssets.tsx:41
renderWithHooks @ react-dom.development.js:11121
mountIndeterminateComponent @ react-dom.development.js:16869
beginWork$1 @ react-dom.development.js:18458
beginWork @ react-dom.development.js:26927
performUnitOfWork @ react-dom.development.js:25748
workLoopSync @ react-dom.development.js:25464
renderRootSync @ react-dom.development.js:25419
performConcurrentWorkOnRoot @ react-dom.development.js:24504
workLoop @ scheduler.development.js:256
flushWork @ scheduler.development.js:225
performWorkUntilDeadline @ scheduler.development.js:534
Show 13 more frames
Show less
utils.ts:23 Error formatting token amount: TypeError: invalid BigNumberish string: Cannot convert 10000.0 to a BigInt (argument="value", value="10000.0", code=INVALID_ARGUMENT, version=6.15.0)
    at makeError (errors.js:138:21)
    at assert (errors.js:164:15)
    at assertArgument (errors.js:175:5)
    at getBigInt (maths.js:103:75)
    at FixedNumber.fromValue (fixednumber.js:473:73)
    at formatUnits (units.js:60:69)
    at formatTokenAmount (utils.ts:12:34)
    at eval (SupplyAssets.tsx:69:42)
    at Array.map (<anonymous>)
    at SupplyAssets (SupplyAssets.tsx:41:21)
    at renderWithHooks (react-dom.development.js:11121:18)
    at mountIndeterminateComponent (react-dom.development.js:16869:13)
    at beginWork$1 (react-dom.development.js:18458:16)
    at beginWork (react-dom.development.js:26927:14)
    at performUnitOfWork (react-dom.development.js:25748:12)
    at workLoopSync (react-dom.development.js:25464:5)
    at renderRootSync (react-dom.development.js:25419:7)
    at performConcurrentWorkOnRoot (react-dom.development.js:24504:74)
    at workLoop (scheduler.development.js:256:34)
    at flushWork (scheduler.development.js:225:14)
    at MessagePort.performWorkUntilDeadline (scheduler.development.js:534:21)
window.console.error @ app-index.js:33
console.error @ hydration-error-info.js:63
formatTokenAmount @ utils.ts:23
eval @ SupplyAssets.tsx:69
SupplyAssets @ SupplyAssets.tsx:41
renderWithHooks @ react-dom.development.js:11121
mountIndeterminateComponent @ react-dom.development.js:16869
beginWork$1 @ react-dom.development.js:18458
beginWork @ react-dom.development.js:26927
performUnitOfWork @ react-dom.development.js:25748
workLoopSync @ react-dom.development.js:25464
renderRootSync @ react-dom.development.js:25419
performConcurrentWorkOnRoot @ react-dom.development.js:24504
workLoop @ scheduler.development.js:256
flushWork @ scheduler.development.js:225
performWorkUntilDeadline @ scheduler.development.js:534
Show 13 more frames
Show less
utils.ts:23 Error formatting token amount: TypeError: invalid BigNumberish string: Cannot convert 0.0 to a BigInt (argument="value", value="0.0", code=INVALID_ARGUMENT, version=6.15.0)
    at makeError (errors.js:138:21)
    at assert (errors.js:164:15)
    at assertArgument (errors.js:175:5)
    at getBigInt (maths.js:103:75)
    at FixedNumber.fromValue (fixednumber.js:473:73)
    at formatUnits (units.js:60:69)
    at formatTokenAmount (utils.ts:12:34)
    at eval (SupplyAssets.tsx:63:42)
    at Array.map (<anonymous>)
    at SupplyAssets (SupplyAssets.tsx:41:21)
    at renderWithHooksAgain (react-dom.development.js:11272:16)
    at renderWithHooks (react-dom.development.js:11135:18)
    at mountIndeterminateComponent (react-dom.development.js:16869:13)
    at beginWork$1 (react-dom.development.js:18458:16)
    at beginWork (react-dom.development.js:26927:14)
    at performUnitOfWork (react-dom.development.js:25748:12)
    at workLoopSync (react-dom.development.js:25464:5)
    at renderRootSync (react-dom.development.js:25419:7)
    at performConcurrentWorkOnRoot (react-dom.development.js:24504:74)
    at workLoop (scheduler.development.js:256:34)
    at flushWork (scheduler.development.js:225:14)
    at MessagePort.performWorkUntilDeadline (scheduler.development.js:534:21)
window.console.error @ app-index.js:33
console.error @ hydration-error-info.js:63
formatTokenAmount @ utils.ts:23
eval @ SupplyAssets.tsx:63
SupplyAssets @ SupplyAssets.tsx:41
renderWithHooksAgain @ react-dom.development.js:11272
renderWithHooks @ react-dom.development.js:11135
mountIndeterminateComponent @ react-dom.development.js:16869
beginWork$1 @ react-dom.development.js:18458
beginWork @ react-dom.development.js:26927
performUnitOfWork @ react-dom.development.js:25748
workLoopSync @ react-dom.development.js:25464
renderRootSync @ react-dom.development.js:25419
performConcurrentWorkOnRoot @ react-dom.development.js:24504
workLoop @ scheduler.development.js:256
flushWork @ scheduler.development.js:225
performWorkUntilDeadline @ scheduler.development.js:534
Show 14 more frames
Show less
utils.ts:23 Error formatting token amount: TypeError: invalid BigNumberish string: Cannot convert 100.0 to a BigInt (argument="value", value="100.0", code=INVALID_ARGUMENT, version=6.15.0)
    at makeError (errors.js:138:21)
    at assert (errors.js:164:15)
    at assertArgument (errors.js:175:5)
    at getBigInt (maths.js:103:75)
    at FixedNumber.fromValue (fixednumber.js:473:73)
    at formatUnits (units.js:60:69)
    at formatTokenAmount (utils.ts:12:34)
    at eval (SupplyAssets.tsx:69:42)
    at Array.map (<anonymous>)
    at SupplyAssets (SupplyAssets.tsx:41:21)
    at renderWithHooksAgain (react-dom.development.js:11272:16)
    at renderWithHooks (react-dom.development.js:11135:18)
    at mountIndeterminateComponent (react-dom.development.js:16869:13)
    at beginWork$1 (react-dom.development.js:18458:16)
    at beginWork (react-dom.development.js:26927:14)
    at performUnitOfWork (react-dom.development.js:25748:12)
    at workLoopSync (react-dom.development.js:25464:5)
    at renderRootSync (react-dom.development.js:25419:7)
    at performConcurrentWorkOnRoot (react-dom.development.js:24504:74)
    at workLoop (scheduler.development.js:256:34)
    at flushWork (scheduler.development.js:225:14)
    at MessagePort.performWorkUntilDeadline (scheduler.development.js:534:21)
window.console.error @ app-index.js:33
console.error @ hydration-error-info.js:63
formatTokenAmount @ utils.ts:23
eval @ SupplyAssets.tsx:69
SupplyAssets @ SupplyAssets.tsx:41
renderWithHooksAgain @ react-dom.development.js:11272
renderWithHooks @ react-dom.development.js:11135
mountIndeterminateComponent @ react-dom.development.js:16869
beginWork$1 @ react-dom.development.js:18458
beginWork @ react-dom.development.js:26927
performUnitOfWork @ react-dom.development.js:25748
workLoopSync @ react-dom.development.js:25464
renderRootSync @ react-dom.development.js:25419
performConcurrentWorkOnRoot @ react-dom.development.js:24504
workLoop @ scheduler.development.js:256
flushWork @ scheduler.development.js:225
performWorkUntilDeadline @ scheduler.development.js:534
Show 14 more frames
Show less
utils.ts:23 Error formatting token amount: TypeError: invalid BigNumberish string: Cannot convert 0.0 to a BigInt (argument="value", value="0.0", code=INVALID_ARGUMENT, version=6.15.0)
    at makeError (errors.js:138:21)
    at assert (errors.js:164:15)
    at assertArgument (errors.js:175:5)
    at getBigInt (maths.js:103:75)
    at FixedNumber.fromValue (fixednumber.js:473:73)
    at formatUnits (units.js:60:69)
    at formatTokenAmount (utils.ts:12:34)
    at eval (SupplyAssets.tsx:63:42)
    at Array.map (<anonymous>)
    at SupplyAssets (SupplyAssets.tsx:41:21)
    at renderWithHooksAgain (react-dom.development.js:11272:16)
    at renderWithHooks (react-dom.development.js:11135:18)
    at mountIndeterminateComponent (react-dom.development.js:16869:13)
    at beginWork$1 (react-dom.development.js:18458:16)
    at beginWork (react-dom.development.js:26927:14)
    at performUnitOfWork (react-dom.development.js:25748:12)
    at workLoopSync (react-dom.development.js:25464:5)
    at renderRootSync (react-dom.development.js:25419:7)
    at performConcurrentWorkOnRoot (react-dom.development.js:24504:74)
    at workLoop (scheduler.development.js:256:34)
    at flushWork (scheduler.development.js:225:14)
    at MessagePort.performWorkUntilDeadline (scheduler.development.js:534:21)
window.console.error @ app-index.js:33
console.error @ hydration-error-info.js:63
formatTokenAmount @ utils.ts:23
eval @ SupplyAssets.tsx:63
SupplyAssets @ SupplyAssets.tsx:41
renderWithHooksAgain @ react-dom.development.js:11272
renderWithHooks @ react-dom.development.js:11135
mountIndeterminateComponent @ react-dom.development.js:16869
beginWork$1 @ react-dom.development.js:18458
beginWork @ react-dom.development.js:26927
performUnitOfWork @ react-dom.development.js:25748
workLoopSync @ react-dom.development.js:25464
renderRootSync @ react-dom.development.js:25419
performConcurrentWorkOnRoot @ react-dom.development.js:24504
workLoop @ scheduler.development.js:256
flushWork @ scheduler.development.js:225
performWorkUntilDeadline @ scheduler.development.js:534
Show 14 more frames
Show less
utils.ts:23 Error formatting token amount: TypeError: invalid BigNumberish string: Cannot convert 100000.0 to a BigInt (argument="value", value="100000.0", code=INVALID_ARGUMENT, version=6.15.0)
    at makeError (errors.js:138:21)
    at assert (errors.js:164:15)
    at assertArgument (errors.js:175:5)
    at getBigInt (maths.js:103:75)
    at FixedNumber.fromValue (fixednumber.js:473:73)
    at formatUnits (units.js:60:69)
    at formatTokenAmount (utils.ts:12:34)
    at eval (SupplyAssets.tsx:69:42)
    at Array.map (<anonymous>)
    at SupplyAssets (SupplyAssets.tsx:41:21)
    at renderWithHooksAgain (react-dom.development.js:11272:16)
    at renderWithHooks (react-dom.development.js:11135:18)
    at mountIndeterminateComponent (react-dom.development.js:16869:13)
    at beginWork$1 (react-dom.development.js:18458:16)
    at beginWork (react-dom.development.js:26927:14)
    at performUnitOfWork (react-dom.development.js:25748:12)
    at workLoopSync (react-dom.development.js:25464:5)
    at renderRootSync (react-dom.development.js:25419:7)
    at performConcurrentWorkOnRoot (react-dom.development.js:24504:74)
    at workLoop (scheduler.development.js:256:34)
    at flushWork (scheduler.development.js:225:14)
    at MessagePort.performWorkUntilDeadline (scheduler.development.js:534:21)
window.console.error @ app-index.js:33
console.error @ hydration-error-info.js:63
formatTokenAmount @ utils.ts:23
eval @ SupplyAssets.tsx:69
SupplyAssets @ SupplyAssets.tsx:41
renderWithHooksAgain @ react-dom.development.js:11272
renderWithHooks @ react-dom.development.js:11135
mountIndeterminateComponent @ react-dom.development.js:16869
beginWork$1 @ react-dom.development.js:18458
beginWork @ react-dom.development.js:26927
performUnitOfWork @ react-dom.development.js:25748
workLoopSync @ react-dom.development.js:25464
renderRootSync @ react-dom.development.js:25419
performConcurrentWorkOnRoot @ react-dom.development.js:24504
workLoop @ scheduler.development.js:256
flushWork @ scheduler.development.js:225
performWorkUntilDeadline @ scheduler.development.js:534
Show 14 more frames
Show less
utils.ts:23 Error formatting token amount: TypeError: invalid BigNumberish string: Cannot convert 0.0 to a BigInt (argument="value", value="0.0", code=INVALID_ARGUMENT, version=6.15.0)
    at makeError (errors.js:138:21)
    at assert (errors.js:164:15)
    at assertArgument (errors.js:175:5)
    at getBigInt (maths.js:103:75)
    at FixedNumber.fromValue (fixednumber.js:473:73)
    at formatUnits (units.js:60:69)
    at formatTokenAmount (utils.ts:12:34)
    at eval (SupplyAssets.tsx:63:42)
    at Array.map (<anonymous>)
    at SupplyAssets (SupplyAssets.tsx:41:21)
    at renderWithHooksAgain (react-dom.development.js:11272:16)
    at renderWithHooks (react-dom.development.js:11135:18)
    at mountIndeterminateComponent (react-dom.development.js:16869:13)
    at beginWork$1 (react-dom.development.js:18458:16)
    at beginWork (react-dom.development.js:26927:14)
    at performUnitOfWork (react-dom.development.js:25748:12)
    at workLoopSync (react-dom.development.js:25464:5)
    at renderRootSync (react-dom.development.js:25419:7)
    at performConcurrentWorkOnRoot (react-dom.development.js:24504:74)
    at workLoop (scheduler.development.js:256:34)
    at flushWork (scheduler.development.js:225:14)
    at MessagePort.performWorkUntilDeadline (scheduler.development.js:534:21)
window.console.error @ app-index.js:33
console.error @ hydration-error-info.js:63
formatTokenAmount @ utils.ts:23
eval @ SupplyAssets.tsx:63
SupplyAssets @ SupplyAssets.tsx:41
renderWithHooksAgain @ react-dom.development.js:11272
renderWithHooks @ react-dom.development.js:11135
mountIndeterminateComponent @ react-dom.development.js:16869
beginWork$1 @ react-dom.development.js:18458
beginWork @ react-dom.development.js:26927
performUnitOfWork @ react-dom.development.js:25748
workLoopSync @ react-dom.development.js:25464
renderRootSync @ react-dom.development.js:25419
performConcurrentWorkOnRoot @ react-dom.development.js:24504
workLoop @ scheduler.development.js:256
flushWork @ scheduler.development.js:225
performWorkUntilDeadline @ scheduler.development.js:534
Show 14 more frames
Show less
utils.ts:23 Error formatting token amount: TypeError: invalid BigNumberish string: Cannot convert 100000.0 to a BigInt (argument="value", value="100000.0", code=INVALID_ARGUMENT, version=6.15.0)
    at makeError (errors.js:138:21)
    at assert (errors.js:164:15)
    at assertArgument (errors.js:175:5)
    at getBigInt (maths.js:103:75)
    at FixedNumber.fromValue (fixednumber.js:473:73)
    at formatUnits (units.js:60:69)
    at formatTokenAmount (utils.ts:12:34)
    at eval (SupplyAssets.tsx:69:42)
    at Array.map (<anonymous>)
    at SupplyAssets (SupplyAssets.tsx:41:21)
    at renderWithHooksAgain (react-dom.development.js:11272:16)
    at renderWithHooks (react-dom.development.js:11135:18)
    at mountIndeterminateComponent (react-dom.development.js:16869:13)
    at beginWork$1 (react-dom.development.js:18458:16)
    at beginWork (react-dom.development.js:26927:14)
    at performUnitOfWork (react-dom.development.js:25748:12)
    at workLoopSync (react-dom.development.js:25464:5)
    at renderRootSync (react-dom.development.js:25419:7)
    at performConcurrentWorkOnRoot (react-dom.development.js:24504:74)
    at workLoop (scheduler.development.js:256:34)
    at flushWork (scheduler.development.js:225:14)
    at MessagePort.performWorkUntilDeadline (scheduler.development.js:534:21)
window.console.error @ app-index.js:33
console.error @ hydration-error-info.js:63
formatTokenAmount @ utils.ts:23
eval @ SupplyAssets.tsx:69
SupplyAssets @ SupplyAssets.tsx:41
renderWithHooksAgain @ react-dom.development.js:11272
renderWithHooks @ react-dom.development.js:11135
mountIndeterminateComponent @ react-dom.development.js:16869
beginWork$1 @ react-dom.development.js:18458
beginWork @ react-dom.development.js:26927
performUnitOfWork @ react-dom.development.js:25748
workLoopSync @ react-dom.development.js:25464
renderRootSync @ react-dom.development.js:25419
performConcurrentWorkOnRoot @ react-dom.development.js:24504
workLoop @ scheduler.development.js:256
flushWork @ scheduler.development.js:225
performWorkUntilDeadline @ scheduler.development.js:534
Show 14 more frames
Show less
utils.ts:23 Error formatting token amount: TypeError: invalid BigNumberish string: Cannot convert 0.0 to a BigInt (argument="value", value="0.0", code=INVALID_ARGUMENT, version=6.15.0)
    at makeError (errors.js:138:21)
    at assert (errors.js:164:15)
    at assertArgument (errors.js:175:5)
    at getBigInt (maths.js:103:75)
    at FixedNumber.fromValue (fixednumber.js:473:73)
    at formatUnits (units.js:60:69)
    at formatTokenAmount (utils.ts:12:34)
    at eval (SupplyAssets.tsx:63:42)
    at Array.map (<anonymous>)
    at SupplyAssets (SupplyAssets.tsx:41:21)
    at renderWithHooksAgain (react-dom.development.js:11272:16)
    at renderWithHooks (react-dom.development.js:11135:18)
    at mountIndeterminateComponent (react-dom.development.js:16869:13)
    at beginWork$1 (react-dom.development.js:18458:16)
    at beginWork (react-dom.development.js:26927:14)
    at performUnitOfWork (react-dom.development.js:25748:12)
    at workLoopSync (react-dom.development.js:25464:5)
    at renderRootSync (react-dom.development.js:25419:7)
    at performConcurrentWorkOnRoot (react-dom.development.js:24504:74)
    at workLoop (scheduler.development.js:256:34)
    at flushWork (scheduler.development.js:225:14)
    at MessagePort.performWorkUntilDeadline (scheduler.development.js:534:21)
window.console.error @ app-index.js:33
console.error @ hydration-error-info.js:63
formatTokenAmount @ utils.ts:23
eval @ SupplyAssets.tsx:63
SupplyAssets @ SupplyAssets.tsx:41
renderWithHooksAgain @ react-dom.development.js:11272
renderWithHooks @ react-dom.development.js:11135
mountIndeterminateComponent @ react-dom.development.js:16869
beginWork$1 @ react-dom.development.js:18458
beginWork @ react-dom.development.js:26927
performUnitOfWork @ react-dom.development.js:25748
workLoopSync @ react-dom.development.js:25464
renderRootSync @ react-dom.development.js:25419
performConcurrentWorkOnRoot @ react-dom.development.js:24504
workLoop @ scheduler.development.js:256
flushWork @ scheduler.development.js:225
performWorkUntilDeadline @ scheduler.development.js:534
Show 14 more frames
Show less
utils.ts:23 Error formatting token amount: TypeError: invalid BigNumberish string: Cannot convert 10000.0 to a BigInt (argument="value", value="10000.0", code=INVALID_ARGUMENT, version=6.15.0)
    at makeError (errors.js:138:21)
    at assert (errors.js:164:15)
    at assertArgument (errors.js:175:5)
    at getBigInt (maths.js:103:75)
    at FixedNumber.fromValue (fixednumber.js:473:73)
    at formatUnits (units.js:60:69)
    at formatTokenAmount (utils.ts:12:34)
    at eval (SupplyAssets.tsx:69:42)
    at Array.map (<anonymous>)
    at SupplyAssets (SupplyAssets.tsx:41:21)
    at renderWithHooksAgain (react-dom.development.js:11272:16)
    at renderWithHooks (react-dom.development.js:11135:18)
    at mountIndeterminateComponent (react-dom.development.js:16869:13)
    at beginWork$1 (react-dom.development.js:18458:16)
    at beginWork (react-dom.development.js:26927:14)
    at performUnitOfWork (react-dom.development.js:25748:12)
    at workLoopSync (react-dom.development.js:25464:5)
    at renderRootSync (react-dom.development.js:25419:7)
    at performConcurrentWorkOnRoot (react-dom.development.js:24504:74)
    at workLoop (scheduler.development.js:256:34)
    at flushWork (scheduler.development.js:225:14)
    at MessagePort.performWorkUntilDeadline (scheduler.development.js:534:21)
window.console.error @ app-index.js:33
console.error @ hydration-error-info.js:63
formatTokenAmount @ utils.ts:23
eval @ SupplyAssets.tsx:69
SupplyAssets @ SupplyAssets.tsx:41
renderWithHooksAgain @ react-dom.development.js:11272
renderWithHooks @ react-dom.development.js:11135
mountIndeterminateComponent @ react-dom.development.js:16869
beginWork$1 @ react-dom.development.js:18458
beginWork @ react-dom.development.js:26927
performUnitOfWork @ react-dom.development.js:25748
workLoopSync @ react-dom.development.js:25464
renderRootSync @ react-dom.development.js:25419
performConcurrentWorkOnRoot @ react-dom.development.js:24504
workLoop @ scheduler.development.js:256
flushWork @ scheduler.development.js:225
performWorkUntilDeadline @ scheduler.development.js:534
Show 14 more frames
Show less
