main-app.js?v=1764238360794:1847 Download the React DevTools for a better development experience: https://reactjs.org/link/react-devtools
useSupplyAssets.ts:32 Failed to fetch config for WETH. Check LendingPool address. Error: could not decode result data (value="0x0000000000000000000000005fbdb2315678afecb367f032d93f642f64180aa30000000000000000000000000000000000000000000000000000000000001d4c0000000000000000000000000000000000000000000000000000000000000001", info={ "method": "tokenConfigs", "signature": "tokenConfigs(address)" }, code=BAD_DATA, version=6.15.0)
    at makeError (errors.js:145:21)
    at assert (errors.js:164:15)
    at Interface.decodeFunctionResult (interface.js:792:64)
    at staticCallResult (contract.js:265:35)
    at async staticCall (contract.js:230:24)
    at async Proxy.tokenConfigs (contract.js:270:20)
    at async refreshInterval (useSupplyAssets.ts:29:32)
    at async eval (index.mjs:367:23)
refreshInterval @ useSupplyAssets.ts:32
await in refreshInterval
eval @ index.mjs:106
eval @ index.mjs:359
eval @ index.mjs:539
commitHookEffectListMount @ react-dom.development.js:21102
commitHookLayoutEffects @ react-dom.development.js:21212
commitLayoutEffectOnFiber @ react-dom.development.js:21410
recursivelyTraverseLayoutEffects @ react-dom.development.js:22926
commitLayoutEffectOnFiber @ react-dom.development.js:21577
recursivelyTraverseLayoutEffects @ react-dom.development.js:22926
commitLayoutEffectOnFiber @ react-dom.development.js:21488
recursivelyTraverseLayoutEffects @ react-dom.development.js:22926
commitLayoutEffectOnFiber @ react-dom.development.js:21488
recursivelyTraverseLayoutEffects @ react-dom.development.js:22926
commitLayoutEffectOnFiber @ react-dom.development.js:21407
recursivelyTraverseLayoutEffects @ react-dom.development.js:22926
commitLayoutEffectOnFiber @ react-dom.development.js:21488
recursivelyTraverseLayoutEffects @ react-dom.development.js:22926
commitLayoutEffectOnFiber @ react-dom.development.js:21488
recursivelyTraverseLayoutEffects @ react-dom.development.js:22926
commitLayoutEffectOnFiber @ react-dom.development.js:21407
recursivelyTraverseLayoutEffects @ react-dom.development.js:22926
commitLayoutEffectOnFiber @ react-dom.development.js:21407
recursivelyTraverseLayoutEffects @ react-dom.development.js:22926
commitLayoutEffectOnFiber @ react-dom.development.js:21577
recursivelyTraverseLayoutEffects @ react-dom.development.js:22926
commitLayoutEffectOnFiber @ react-dom.development.js:21577
recursivelyTraverseLayoutEffects @ react-dom.development.js:22926
commitLayoutEffectOnFiber @ react-dom.development.js:21407
recursivelyTraverseLayoutEffects @ react-dom.development.js:22926
commitLayoutEffectOnFiber @ react-dom.development.js:21418
recursivelyTraverseLayoutEffects @ react-dom.development.js:22926
commitLayoutEffectOnFiber @ react-dom.development.js:21407
recursivelyTraverseLayoutEffects @ react-dom.development.js:22926
commitLayoutEffectOnFiber @ react-dom.development.js:21418
recursivelyTraverseLayoutEffects @ react-dom.development.js:22926
commitLayoutEffectOnFiber @ react-dom.development.js:21407
recursivelyTraverseLayoutEffects @ react-dom.development.js:22926
commitLayoutEffectOnFiber @ react-dom.development.js:21407
recursivelyTraverseLayoutEffects @ react-dom.development.js:22926
commitLayoutEffectOnFiber @ react-dom.development.js:21407
recursivelyTraverseLayoutEffects @ react-dom.development.js:22926
commitLayoutEffectOnFiber @ react-dom.development.js:21418
recursivelyTraverseLayoutEffects @ react-dom.development.js:22926
commitLayoutEffectOnFiber @ react-dom.development.js:21407
recursivelyTraverseLayoutEffects @ react-dom.development.js:22926
commitLayoutEffectOnFiber @ react-dom.development.js:21407
recursivelyTraverseLayoutEffects @ react-dom.development.js:22926
commitLayoutEffectOnFiber @ react-dom.development.js:21577
recursivelyTraverseLayoutEffects @ react-dom.development.js:22926
commitLayoutEffectOnFiber @ react-dom.development.js:21407
recursivelyTraverseLayoutEffects @ react-dom.development.js:22926
commitLayoutEffectOnFiber @ react-dom.development.js:21577
recursivelyTraverseLayoutEffects @ react-dom.development.js:22926
commitLayoutEffectOnFiber @ react-dom.development.js:21407
recursivelyTraverseLayoutEffects @ react-dom.development.js:22926
commitLayoutEffectOnFiber @ react-dom.development.js:21488
recursivelyTraverseLayoutEffects @ react-dom.development.js:22926
commitLayoutEffectOnFiber @ react-dom.development.js:21488
recursivelyTraverseLayoutEffects @ react-dom.development.js:22926
commitLayoutEffectOnFiber @ react-dom.development.js:21577
recursivelyTraverseLayoutEffects @ react-dom.development.js:22926
commitLayoutEffectOnFiber @ react-dom.development.js:21577
recursivelyTraverseLayoutEffects @ react-dom.development.js:22926
commitLayoutEffectOnFiber @ react-dom.development.js:21418
recursivelyTraverseLayoutEffects @ react-dom.development.js:22926
commitLayoutEffectOnFiber @ react-dom.development.js:21407
recursivelyTraverseLayoutEffects @ react-dom.development.js:22926
commitLayoutEffectOnFiber @ react-dom.development.js:21577
recursivelyTraverseLayoutEffects @ react-dom.development.js:22926
commitLayoutEffectOnFiber @ react-dom.development.js:21418
recursivelyTraverseLayoutEffects @ react-dom.development.js:22926
commitLayoutEffectOnFiber @ react-dom.development.js:21407
recursivelyTraverseLayoutEffects @ react-dom.development.js:22926
commitLayoutEffectOnFiber @ react-dom.development.js:21407
recursivelyTraverseLayoutEffects @ react-dom.development.js:22926
commitLayoutEffectOnFiber @ react-dom.development.js:21418
recursivelyTraverseLayoutEffects @ react-dom.development.js:22926
commitLayoutEffectOnFiber @ react-dom.development.js:21407
recursivelyTraverseLayoutEffects @ react-dom.development.js:22926
commitLayoutEffectOnFiber @ react-dom.development.js:21577
recursivelyTraverseLayoutEffects @ react-dom.development.js:22926
commitLayoutEffectOnFiber @ react-dom.development.js:21577
recursivelyTraverseLayoutEffects @ react-dom.development.js:22926
commitLayoutEffectOnFiber @ react-dom.development.js:21577
recursivelyTraverseLayoutEffects @ react-dom.development.js:22926
commitLayoutEffectOnFiber @ react-dom.development.js:21577
recursivelyTraverseLayoutEffects @ react-dom.development.js:22926
commitLayoutEffectOnFiber @ react-dom.development.js:21577
recursivelyTraverseLayoutEffects @ react-dom.development.js:22926
commitLayoutEffectOnFiber @ react-dom.development.js:21577
recursivelyTraverseLayoutEffects @ react-dom.development.js:22926
commitLayoutEffectOnFiber @ react-dom.development.js:21407
recursivelyTraverseLayoutEffects @ react-dom.development.js:22926
commitLayoutEffectOnFiber @ react-dom.development.js:21418
recursivelyTraverseLayoutEffects @ react-dom.development.js:22926
commitLayoutEffectOnFiber @ react-dom.development.js:21407
recursivelyTraverseLayoutEffects @ react-dom.development.js:22926
commitLayoutEffectOnFiber @ react-dom.development.js:21407
recursivelyTraverseLayoutEffects @ react-dom.development.js:22926
commitLayoutEffectOnFiber @ react-dom.development.js:21407
recursivelyTraverseLayoutEffects @ react-dom.development.js:22926
commitLayoutEffectOnFiber @ react-dom.development.js:21407
recursivelyTraverseLayoutEffects @ react-dom.development.js:22926
commitLayoutEffectOnFiber @ react-dom.development.js:21577
recursivelyTraverseLayoutEffects @ react-dom.development.js:22926
commitLayoutEffectOnFiber @ react-dom.development.js:21577
recursivelyTraverseLayoutEffects @ react-dom.development.js:22926
commitLayoutEffectOnFiber @ react-dom.development.js:21577
recursivelyTraverseLayoutEffects @ react-dom.development.js:22926
commitLayoutEffectOnFiber @ react-dom.development.js:21437
commitLayoutEffects @ react-dom.development.js:22912
commitRootImpl @ react-dom.development.js:26226
commitRoot @ react-dom.development.js:26077
commitRootWhenReady @ react-dom.development.js:24749
finishConcurrentRender @ react-dom.development.js:24714
performConcurrentWorkOnRoot @ react-dom.development.js:24559
workLoop @ scheduler.development.js:256
flushWork @ scheduler.development.js:225
performWorkUntilDeadline @ scheduler.development.js:534
Show 119 more frames
Show less
useSupplyAssets.ts:32 Failed to fetch config for DAI. Check LendingPool address. Error: could not decode result data (value="0x000000000000000000000000e7f1725e7734ce288f8367e1bb143e90bb3f05120000000000000000000000000000000000000000000000000000000000001f400000000000000000000000000000000000000000000000000000000000000001", info={ "method": "tokenConfigs", "signature": "tokenConfigs(address)" }, code=BAD_DATA, version=6.15.0)
    at makeError (errors.js:145:21)
    at assert (errors.js:164:15)
    at Interface.decodeFunctionResult (interface.js:792:64)
    at staticCallResult (contract.js:265:35)
    at async staticCall (contract.js:230:24)
    at async Proxy.tokenConfigs (contract.js:270:20)
    at async refreshInterval (useSupplyAssets.ts:29:32)
    at async eval (index.mjs:367:23)
refreshInterval @ useSupplyAssets.ts:32
await in refreshInterval
eval @ index.mjs:106
eval @ index.mjs:359
eval @ index.mjs:539
commitHookEffectListMount @ react-dom.development.js:21102
commitHookLayoutEffects @ react-dom.development.js:21212
commitLayoutEffectOnFiber @ react-dom.development.js:21410
recursivelyTraverseLayoutEffects @ react-dom.development.js:22926
commitLayoutEffectOnFiber @ react-dom.development.js:21577
recursivelyTraverseLayoutEffects @ react-dom.development.js:22926
commitLayoutEffectOnFiber @ react-dom.development.js:21488
recursivelyTraverseLayoutEffects @ react-dom.development.js:22926
commitLayoutEffectOnFiber @ react-dom.development.js:21488
recursivelyTraverseLayoutEffects @ react-dom.development.js:22926
commitLayoutEffectOnFiber @ react-dom.development.js:21407
recursivelyTraverseLayoutEffects @ react-dom.development.js:22926
commitLayoutEffectOnFiber @ react-dom.development.js:21488
recursivelyTraverseLayoutEffects @ react-dom.development.js:22926
commitLayoutEffectOnFiber @ react-dom.development.js:21488
recursivelyTraverseLayoutEffects @ react-dom.development.js:22926
commitLayoutEffectOnFiber @ react-dom.development.js:21407
recursivelyTraverseLayoutEffects @ react-dom.development.js:22926
commitLayoutEffectOnFiber @ react-dom.development.js:21407
recursivelyTraverseLayoutEffects @ react-dom.development.js:22926
commitLayoutEffectOnFiber @ react-dom.development.js:21577
recursivelyTraverseLayoutEffects @ react-dom.development.js:22926
commitLayoutEffectOnFiber @ react-dom.development.js:21577
recursivelyTraverseLayoutEffects @ react-dom.development.js:22926
commitLayoutEffectOnFiber @ react-dom.development.js:21407
recursivelyTraverseLayoutEffects @ react-dom.development.js:22926
commitLayoutEffectOnFiber @ react-dom.development.js:21418
recursivelyTraverseLayoutEffects @ react-dom.development.js:22926
commitLayoutEffectOnFiber @ react-dom.development.js:21407
recursivelyTraverseLayoutEffects @ react-dom.development.js:22926
commitLayoutEffectOnFiber @ react-dom.development.js:21418
recursivelyTraverseLayoutEffects @ react-dom.development.js:22926
commitLayoutEffectOnFiber @ react-dom.development.js:21407
recursivelyTraverseLayoutEffects @ react-dom.development.js:22926
commitLayoutEffectOnFiber @ react-dom.development.js:21407
recursivelyTraverseLayoutEffects @ react-dom.development.js:22926
commitLayoutEffectOnFiber @ react-dom.development.js:21407
recursivelyTraverseLayoutEffects @ react-dom.development.js:22926
commitLayoutEffectOnFiber @ react-dom.development.js:21418
recursivelyTraverseLayoutEffects @ react-dom.development.js:22926
commitLayoutEffectOnFiber @ react-dom.development.js:21407
recursivelyTraverseLayoutEffects @ react-dom.development.js:22926
commitLayoutEffectOnFiber @ react-dom.development.js:21407
recursivelyTraverseLayoutEffects @ react-dom.development.js:22926
commitLayoutEffectOnFiber @ react-dom.development.js:21577
recursivelyTraverseLayoutEffects @ react-dom.development.js:22926
commitLayoutEffectOnFiber @ react-dom.development.js:21407
recursivelyTraverseLayoutEffects @ react-dom.development.js:22926
commitLayoutEffectOnFiber @ react-dom.development.js:21577
recursivelyTraverseLayoutEffects @ react-dom.development.js:22926
commitLayoutEffectOnFiber @ react-dom.development.js:21407
recursivelyTraverseLayoutEffects @ react-dom.development.js:22926
commitLayoutEffectOnFiber @ react-dom.development.js:21488
recursivelyTraverseLayoutEffects @ react-dom.development.js:22926
commitLayoutEffectOnFiber @ react-dom.development.js:21488
recursivelyTraverseLayoutEffects @ react-dom.development.js:22926
commitLayoutEffectOnFiber @ react-dom.development.js:21577
recursivelyTraverseLayoutEffects @ react-dom.development.js:22926
commitLayoutEffectOnFiber @ react-dom.development.js:21577
recursivelyTraverseLayoutEffects @ react-dom.development.js:22926
commitLayoutEffectOnFiber @ react-dom.development.js:21418
recursivelyTraverseLayoutEffects @ react-dom.development.js:22926
commitLayoutEffectOnFiber @ react-dom.development.js:21407
recursivelyTraverseLayoutEffects @ react-dom.development.js:22926
commitLayoutEffectOnFiber @ react-dom.development.js:21577
recursivelyTraverseLayoutEffects @ react-dom.development.js:22926
commitLayoutEffectOnFiber @ react-dom.development.js:21418
recursivelyTraverseLayoutEffects @ react-dom.development.js:22926
commitLayoutEffectOnFiber @ react-dom.development.js:21407
recursivelyTraverseLayoutEffects @ react-dom.development.js:22926
commitLayoutEffectOnFiber @ react-dom.development.js:21407
recursivelyTraverseLayoutEffects @ react-dom.development.js:22926
commitLayoutEffectOnFiber @ react-dom.development.js:21418
recursivelyTraverseLayoutEffects @ react-dom.development.js:22926
commitLayoutEffectOnFiber @ react-dom.development.js:21407
recursivelyTraverseLayoutEffects @ react-dom.development.js:22926
commitLayoutEffectOnFiber @ react-dom.development.js:21577
recursivelyTraverseLayoutEffects @ react-dom.development.js:22926
commitLayoutEffectOnFiber @ react-dom.development.js:21577
recursivelyTraverseLayoutEffects @ react-dom.development.js:22926
commitLayoutEffectOnFiber @ react-dom.development.js:21577
recursivelyTraverseLayoutEffects @ react-dom.development.js:22926
commitLayoutEffectOnFiber @ react-dom.development.js:21577
recursivelyTraverseLayoutEffects @ react-dom.development.js:22926
commitLayoutEffectOnFiber @ react-dom.development.js:21577
recursivelyTraverseLayoutEffects @ react-dom.development.js:22926
commitLayoutEffectOnFiber @ react-dom.development.js:21577
recursivelyTraverseLayoutEffects @ react-dom.development.js:22926
commitLayoutEffectOnFiber @ react-dom.development.js:21407
recursivelyTraverseLayoutEffects @ react-dom.development.js:22926
commitLayoutEffectOnFiber @ react-dom.development.js:21418
recursivelyTraverseLayoutEffects @ react-dom.development.js:22926
commitLayoutEffectOnFiber @ react-dom.development.js:21407
recursivelyTraverseLayoutEffects @ react-dom.development.js:22926
commitLayoutEffectOnFiber @ react-dom.development.js:21407
recursivelyTraverseLayoutEffects @ react-dom.development.js:22926
commitLayoutEffectOnFiber @ react-dom.development.js:21407
recursivelyTraverseLayoutEffects @ react-dom.development.js:22926
commitLayoutEffectOnFiber @ react-dom.development.js:21407
recursivelyTraverseLayoutEffects @ react-dom.development.js:22926
commitLayoutEffectOnFiber @ react-dom.development.js:21577
recursivelyTraverseLayoutEffects @ react-dom.development.js:22926
commitLayoutEffectOnFiber @ react-dom.development.js:21577
recursivelyTraverseLayoutEffects @ react-dom.development.js:22926
commitLayoutEffectOnFiber @ react-dom.development.js:21577
recursivelyTraverseLayoutEffects @ react-dom.development.js:22926
commitLayoutEffectOnFiber @ react-dom.development.js:21437
commitLayoutEffects @ react-dom.development.js:22912
commitRootImpl @ react-dom.development.js:26226
commitRoot @ react-dom.development.js:26077
commitRootWhenReady @ react-dom.development.js:24749
finishConcurrentRender @ react-dom.development.js:24714
performConcurrentWorkOnRoot @ react-dom.development.js:24559
workLoop @ scheduler.development.js:256
flushWork @ scheduler.development.js:225
performWorkUntilDeadline @ scheduler.development.js:534
Show 119 more frames
Show less
useSupplyAssets.ts:32 Failed to fetch config for USDC. Check LendingPool address. Error: could not decode result data (value="0x0000000000000000000000009fe46736679d2d9a65f0992f2272de9f3c7fa6e00000000000000000000000000000000000000000000000000000000000001f400000000000000000000000000000000000000000000000000000000000000001", info={ "method": "tokenConfigs", "signature": "tokenConfigs(address)" }, code=BAD_DATA, version=6.15.0)
    at makeError (errors.js:145:21)
    at assert (errors.js:164:15)
    at Interface.decodeFunctionResult (interface.js:792:64)
    at staticCallResult (contract.js:265:35)
    at async staticCall (contract.js:230:24)
    at async Proxy.tokenConfigs (contract.js:270:20)
    at async refreshInterval (useSupplyAssets.ts:29:32)
    at async eval (index.mjs:367:23)
refreshInterval @ useSupplyAssets.ts:32
await in refreshInterval
eval @ index.mjs:106
eval @ index.mjs:359
eval @ index.mjs:539
commitHookEffectListMount @ react-dom.development.js:21102
commitHookLayoutEffects @ react-dom.development.js:21212
commitLayoutEffectOnFiber @ react-dom.development.js:21410
recursivelyTraverseLayoutEffects @ react-dom.development.js:22926
commitLayoutEffectOnFiber @ react-dom.development.js:21577
recursivelyTraverseLayoutEffects @ react-dom.development.js:22926
commitLayoutEffectOnFiber @ react-dom.development.js:21488
recursivelyTraverseLayoutEffects @ react-dom.development.js:22926
commitLayoutEffectOnFiber @ react-dom.development.js:21488
recursivelyTraverseLayoutEffects @ react-dom.development.js:22926
commitLayoutEffectOnFiber @ react-dom.development.js:21407
recursivelyTraverseLayoutEffects @ react-dom.development.js:22926
commitLayoutEffectOnFiber @ react-dom.development.js:21488
recursivelyTraverseLayoutEffects @ react-dom.development.js:22926
commitLayoutEffectOnFiber @ react-dom.development.js:21488
recursivelyTraverseLayoutEffects @ react-dom.development.js:22926
commitLayoutEffectOnFiber @ react-dom.development.js:21407
recursivelyTraverseLayoutEffects @ react-dom.development.js:22926
commitLayoutEffectOnFiber @ react-dom.development.js:21407
recursivelyTraverseLayoutEffects @ react-dom.development.js:22926
commitLayoutEffectOnFiber @ react-dom.development.js:21577
recursivelyTraverseLayoutEffects @ react-dom.development.js:22926
commitLayoutEffectOnFiber @ react-dom.development.js:21577
recursivelyTraverseLayoutEffects @ react-dom.development.js:22926
commitLayoutEffectOnFiber @ react-dom.development.js:21407
recursivelyTraverseLayoutEffects @ react-dom.development.js:22926
commitLayoutEffectOnFiber @ react-dom.development.js:21418
recursivelyTraverseLayoutEffects @ react-dom.development.js:22926
commitLayoutEffectOnFiber @ react-dom.development.js:21407
recursivelyTraverseLayoutEffects @ react-dom.development.js:22926
commitLayoutEffectOnFiber @ react-dom.development.js:21418
recursivelyTraverseLayoutEffects @ react-dom.development.js:22926
commitLayoutEffectOnFiber @ react-dom.development.js:21407
recursivelyTraverseLayoutEffects @ react-dom.development.js:22926
commitLayoutEffectOnFiber @ react-dom.development.js:21407
recursivelyTraverseLayoutEffects @ react-dom.development.js:22926
commitLayoutEffectOnFiber @ react-dom.development.js:21407
recursivelyTraverseLayoutEffects @ react-dom.development.js:22926
commitLayoutEffectOnFiber @ react-dom.development.js:21418
recursivelyTraverseLayoutEffects @ react-dom.development.js:22926
commitLayoutEffectOnFiber @ react-dom.development.js:21407
recursivelyTraverseLayoutEffects @ react-dom.development.js:22926
commitLayoutEffectOnFiber @ react-dom.development.js:21407
recursivelyTraverseLayoutEffects @ react-dom.development.js:22926
commitLayoutEffectOnFiber @ react-dom.development.js:21577
recursivelyTraverseLayoutEffects @ react-dom.development.js:22926
commitLayoutEffectOnFiber @ react-dom.development.js:21407
recursivelyTraverseLayoutEffects @ react-dom.development.js:22926
commitLayoutEffectOnFiber @ react-dom.development.js:21577
recursivelyTraverseLayoutEffects @ react-dom.development.js:22926
commitLayoutEffectOnFiber @ react-dom.development.js:21407
recursivelyTraverseLayoutEffects @ react-dom.development.js:22926
commitLayoutEffectOnFiber @ react-dom.development.js:21488
recursivelyTraverseLayoutEffects @ react-dom.development.js:22926
commitLayoutEffectOnFiber @ react-dom.development.js:21488
recursivelyTraverseLayoutEffects @ react-dom.development.js:22926
commitLayoutEffectOnFiber @ react-dom.development.js:21577
recursivelyTraverseLayoutEffects @ react-dom.development.js:22926
commitLayoutEffectOnFiber @ react-dom.development.js:21577
recursivelyTraverseLayoutEffects @ react-dom.development.js:22926
commitLayoutEffectOnFiber @ react-dom.development.js:21418
recursivelyTraverseLayoutEffects @ react-dom.development.js:22926
commitLayoutEffectOnFiber @ react-dom.development.js:21407
recursivelyTraverseLayoutEffects @ react-dom.development.js:22926
commitLayoutEffectOnFiber @ react-dom.development.js:21577
recursivelyTraverseLayoutEffects @ react-dom.development.js:22926
commitLayoutEffectOnFiber @ react-dom.development.js:21418
recursivelyTraverseLayoutEffects @ react-dom.development.js:22926
commitLayoutEffectOnFiber @ react-dom.development.js:21407
recursivelyTraverseLayoutEffects @ react-dom.development.js:22926
commitLayoutEffectOnFiber @ react-dom.development.js:21407
recursivelyTraverseLayoutEffects @ react-dom.development.js:22926
commitLayoutEffectOnFiber @ react-dom.development.js:21418
recursivelyTraverseLayoutEffects @ react-dom.development.js:22926
commitLayoutEffectOnFiber @ react-dom.development.js:21407
recursivelyTraverseLayoutEffects @ react-dom.development.js:22926
commitLayoutEffectOnFiber @ react-dom.development.js:21577
recursivelyTraverseLayoutEffects @ react-dom.development.js:22926
commitLayoutEffectOnFiber @ react-dom.development.js:21577
recursivelyTraverseLayoutEffects @ react-dom.development.js:22926
commitLayoutEffectOnFiber @ react-dom.development.js:21577
recursivelyTraverseLayoutEffects @ react-dom.development.js:22926
commitLayoutEffectOnFiber @ react-dom.development.js:21577
recursivelyTraverseLayoutEffects @ react-dom.development.js:22926
commitLayoutEffectOnFiber @ react-dom.development.js:21577
recursivelyTraverseLayoutEffects @ react-dom.development.js:22926
commitLayoutEffectOnFiber @ react-dom.development.js:21577
recursivelyTraverseLayoutEffects @ react-dom.development.js:22926
commitLayoutEffectOnFiber @ react-dom.development.js:21407
recursivelyTraverseLayoutEffects @ react-dom.development.js:22926
commitLayoutEffectOnFiber @ react-dom.development.js:21418
recursivelyTraverseLayoutEffects @ react-dom.development.js:22926
commitLayoutEffectOnFiber @ react-dom.development.js:21407
recursivelyTraverseLayoutEffects @ react-dom.development.js:22926
commitLayoutEffectOnFiber @ react-dom.development.js:21407
recursivelyTraverseLayoutEffects @ react-dom.development.js:22926
commitLayoutEffectOnFiber @ react-dom.development.js:21407
recursivelyTraverseLayoutEffects @ react-dom.development.js:22926
commitLayoutEffectOnFiber @ react-dom.development.js:21407
recursivelyTraverseLayoutEffects @ react-dom.development.js:22926
commitLayoutEffectOnFiber @ react-dom.development.js:21577
recursivelyTraverseLayoutEffects @ react-dom.development.js:22926
commitLayoutEffectOnFiber @ react-dom.development.js:21577
recursivelyTraverseLayoutEffects @ react-dom.development.js:22926
commitLayoutEffectOnFiber @ react-dom.development.js:21577
recursivelyTraverseLayoutEffects @ react-dom.development.js:22926
commitLayoutEffectOnFiber @ react-dom.development.js:21437
commitLayoutEffects @ react-dom.development.js:22912
commitRootImpl @ react-dom.development.js:26226
commitRoot @ react-dom.development.js:26077
commitRootWhenReady @ react-dom.development.js:24749
finishConcurrentRender @ react-dom.development.js:24714
performConcurrentWorkOnRoot @ react-dom.development.js:24559
workLoop @ scheduler.development.js:256
flushWork @ scheduler.development.js:225
performWorkUntilDeadline @ scheduler.development.js:534
Show 119 more frames
Show less
useSupplyAssets.ts:32 Failed to fetch config for LINK. Check LendingPool address. Error: could not decode result data (value="0x000000000000000000000000cf7ed3acca5a467e9e704c703e8d87f634fb0fc900000000000000000000000000000000000000000000000000000000000017700000000000000000000000000000000000000000000000000000000000000001", info={ "method": "tokenConfigs", "signature": "tokenConfigs(address)" }, code=BAD_DATA, version=6.15.0)
    at makeError (errors.js:145:21)
    at assert (errors.js:164:15)
    at Interface.decodeFunctionResult (interface.js:792:64)
    at staticCallResult (contract.js:265:35)
    at async staticCall (contract.js:230:24)
    at async Proxy.tokenConfigs (contract.js:270:20)
    at async refreshInterval (useSupplyAssets.ts:29:32)
    at async eval (index.mjs:367:23)
refreshInterval @ useSupplyAssets.ts:32
await in refreshInterval
eval @ index.mjs:106
eval @ index.mjs:359
eval @ index.mjs:539
commitHookEffectListMount @ react-dom.development.js:21102
commitHookLayoutEffects @ react-dom.development.js:21212
commitLayoutEffectOnFiber @ react-dom.development.js:21410
recursivelyTraverseLayoutEffects @ react-dom.development.js:22926
commitLayoutEffectOnFiber @ react-dom.development.js:21577
recursivelyTraverseLayoutEffects @ react-dom.development.js:22926
commitLayoutEffectOnFiber @ react-dom.development.js:21488
recursivelyTraverseLayoutEffects @ react-dom.development.js:22926
commitLayoutEffectOnFiber @ react-dom.development.js:21488
recursivelyTraverseLayoutEffects @ react-dom.development.js:22926
commitLayoutEffectOnFiber @ react-dom.development.js:21407
recursivelyTraverseLayoutEffects @ react-dom.development.js:22926
commitLayoutEffectOnFiber @ react-dom.development.js:21488
recursivelyTraverseLayoutEffects @ react-dom.development.js:22926
commitLayoutEffectOnFiber @ react-dom.development.js:21488
recursivelyTraverseLayoutEffects @ react-dom.development.js:22926
commitLayoutEffectOnFiber @ react-dom.development.js:21407
recursivelyTraverseLayoutEffects @ react-dom.development.js:22926
commitLayoutEffectOnFiber @ react-dom.development.js:21407
recursivelyTraverseLayoutEffects @ react-dom.development.js:22926
commitLayoutEffectOnFiber @ react-dom.development.js:21577
recursivelyTraverseLayoutEffects @ react-dom.development.js:22926
commitLayoutEffectOnFiber @ react-dom.development.js:21577
recursivelyTraverseLayoutEffects @ react-dom.development.js:22926
commitLayoutEffectOnFiber @ react-dom.development.js:21407
recursivelyTraverseLayoutEffects @ react-dom.development.js:22926
commitLayoutEffectOnFiber @ react-dom.development.js:21418
recursivelyTraverseLayoutEffects @ react-dom.development.js:22926
commitLayoutEffectOnFiber @ react-dom.development.js:21407
recursivelyTraverseLayoutEffects @ react-dom.development.js:22926
commitLayoutEffectOnFiber @ react-dom.development.js:21418
recursivelyTraverseLayoutEffects @ react-dom.development.js:22926
commitLayoutEffectOnFiber @ react-dom.development.js:21407
recursivelyTraverseLayoutEffects @ react-dom.development.js:22926
commitLayoutEffectOnFiber @ react-dom.development.js:21407
recursivelyTraverseLayoutEffects @ react-dom.development.js:22926
commitLayoutEffectOnFiber @ react-dom.development.js:21407
recursivelyTraverseLayoutEffects @ react-dom.development.js:22926
commitLayoutEffectOnFiber @ react-dom.development.js:21418
recursivelyTraverseLayoutEffects @ react-dom.development.js:22926
commitLayoutEffectOnFiber @ react-dom.development.js:21407
recursivelyTraverseLayoutEffects @ react-dom.development.js:22926
commitLayoutEffectOnFiber @ react-dom.development.js:21407
recursivelyTraverseLayoutEffects @ react-dom.development.js:22926
commitLayoutEffectOnFiber @ react-dom.development.js:21577
recursivelyTraverseLayoutEffects @ react-dom.development.js:22926
commitLayoutEffectOnFiber @ react-dom.development.js:21407
recursivelyTraverseLayoutEffects @ react-dom.development.js:22926
commitLayoutEffectOnFiber @ react-dom.development.js:21577
recursivelyTraverseLayoutEffects @ react-dom.development.js:22926
commitLayoutEffectOnFiber @ react-dom.development.js:21407
recursivelyTraverseLayoutEffects @ react-dom.development.js:22926
commitLayoutEffectOnFiber @ react-dom.development.js:21488
recursivelyTraverseLayoutEffects @ react-dom.development.js:22926
commitLayoutEffectOnFiber @ react-dom.development.js:21488
recursivelyTraverseLayoutEffects @ react-dom.development.js:22926
commitLayoutEffectOnFiber @ react-dom.development.js:21577
recursivelyTraverseLayoutEffects @ react-dom.development.js:22926
commitLayoutEffectOnFiber @ react-dom.development.js:21577
recursivelyTraverseLayoutEffects @ react-dom.development.js:22926
commitLayoutEffectOnFiber @ react-dom.development.js:21418
recursivelyTraverseLayoutEffects @ react-dom.development.js:22926
commitLayoutEffectOnFiber @ react-dom.development.js:21407
recursivelyTraverseLayoutEffects @ react-dom.development.js:22926
commitLayoutEffectOnFiber @ react-dom.development.js:21577
recursivelyTraverseLayoutEffects @ react-dom.development.js:22926
commitLayoutEffectOnFiber @ react-dom.development.js:21418
recursivelyTraverseLayoutEffects @ react-dom.development.js:22926
commitLayoutEffectOnFiber @ react-dom.development.js:21407
recursivelyTraverseLayoutEffects @ react-dom.development.js:22926
commitLayoutEffectOnFiber @ react-dom.development.js:21407
recursivelyTraverseLayoutEffects @ react-dom.development.js:22926
commitLayoutEffectOnFiber @ react-dom.development.js:21418
recursivelyTraverseLayoutEffects @ react-dom.development.js:22926
commitLayoutEffectOnFiber @ react-dom.development.js:21407
recursivelyTraverseLayoutEffects @ react-dom.development.js:22926
commitLayoutEffectOnFiber @ react-dom.development.js:21577
recursivelyTraverseLayoutEffects @ react-dom.development.js:22926
commitLayoutEffectOnFiber @ react-dom.development.js:21577
recursivelyTraverseLayoutEffects @ react-dom.development.js:22926
commitLayoutEffectOnFiber @ react-dom.development.js:21577
recursivelyTraverseLayoutEffects @ react-dom.development.js:22926
commitLayoutEffectOnFiber @ react-dom.development.js:21577
recursivelyTraverseLayoutEffects @ react-dom.development.js:22926
commitLayoutEffectOnFiber @ react-dom.development.js:21577
recursivelyTraverseLayoutEffects @ react-dom.development.js:22926
commitLayoutEffectOnFiber @ react-dom.development.js:21577
recursivelyTraverseLayoutEffects @ react-dom.development.js:22926
commitLayoutEffectOnFiber @ react-dom.development.js:21407
recursivelyTraverseLayoutEffects @ react-dom.development.js:22926
commitLayoutEffectOnFiber @ react-dom.development.js:21418
recursivelyTraverseLayoutEffects @ react-dom.development.js:22926
commitLayoutEffectOnFiber @ react-dom.development.js:21407
recursivelyTraverseLayoutEffects @ react-dom.development.js:22926
commitLayoutEffectOnFiber @ react-dom.development.js:21407
recursivelyTraverseLayoutEffects @ react-dom.development.js:22926
commitLayoutEffectOnFiber @ react-dom.development.js:21407
recursivelyTraverseLayoutEffects @ react-dom.development.js:22926
commitLayoutEffectOnFiber @ react-dom.development.js:21407
recursivelyTraverseLayoutEffects @ react-dom.development.js:22926
commitLayoutEffectOnFiber @ react-dom.development.js:21577
recursivelyTraverseLayoutEffects @ react-dom.development.js:22926
commitLayoutEffectOnFiber @ react-dom.development.js:21577
recursivelyTraverseLayoutEffects @ react-dom.development.js:22926
commitLayoutEffectOnFiber @ react-dom.development.js:21577
recursivelyTraverseLayoutEffects @ react-dom.development.js:22926
commitLayoutEffectOnFiber @ react-dom.development.js:21437
commitLayoutEffects @ react-dom.development.js:22912
commitRootImpl @ react-dom.development.js:26226
commitRoot @ react-dom.development.js:26077
commitRootWhenReady @ react-dom.development.js:24749
finishConcurrentRender @ react-dom.development.js:24714
performConcurrentWorkOnRoot @ react-dom.development.js:24559
workLoop @ scheduler.development.js:256
flushWork @ scheduler.development.js:225
performWorkUntilDeadline @ scheduler.development.js:534
Show 119 more frames
Show less
inpage.js:1 MetaMask - RPC Error: Internal JSON-RPC error. {code: -32603, message: 'Internal JSON-RPC error.', data: {…}, stack: '{\n  "code": -32603,\n  "message": "Internal JSON-RP…hfbeogaeaoehlefnkodbefgpgknn/common-2.js:3:150958'}
(anonymous) @ inpage.js:1
(anonymous) @ inpage.js:1
p @ inpage.js:1
f @ inpage.js:1
await in f
l @ inpage.js:1
handle @ inpage.js:1
_rpcRequest @ inpage.js:1
(anonymous) @ inpage.js:1
request @ inpage.js:1
BrowserProvider.#request @ provider-browser.js:35
_send @ provider-browser.js:59
eval @ provider-jsonrpc.js:301
eval @ provider-jsonrpc.js:336
setTimeout
#scheduleDrain @ provider-jsonrpc.js:278
send @ provider-jsonrpc.js:798
send @ provider-browser.js:54
await in send
_perform @ provider-jsonrpc.js:410
#call @ abstract-provider.js:674
call @ abstract-provider.js:738
await in call
call @ abstract-signer.js:199
await in call
staticCallResult @ contract.js:256
await in staticCallResult
staticCall @ contract.js:230
calculateHealthFactor @ contract.js:270
HealthFactor.refreshInterval @ HealthFactor.tsx:15
eval @ index.mjs:106
eval @ index.mjs:359
eval @ index.mjs:539
commitHookEffectListMount @ react-dom.development.js:21102
commitHookLayoutEffects @ react-dom.development.js:21212
commitLayoutEffectOnFiber @ react-dom.development.js:21410
recursivelyTraverseLayoutEffects @ react-dom.development.js:22926
commitLayoutEffectOnFiber @ react-dom.development.js:21488
recursivelyTraverseLayoutEffects @ react-dom.development.js:22926
commitLayoutEffectOnFiber @ react-dom.development.js:21488
recursivelyTraverseLayoutEffects @ react-dom.development.js:22926
commitLayoutEffectOnFiber @ react-dom.development.js:21407
recursivelyTraverseLayoutEffects @ react-dom.development.js:22926
commitLayoutEffectOnFiber @ react-dom.development.js:21488
recursivelyTraverseLayoutEffects @ react-dom.development.js:22926
commitLayoutEffectOnFiber @ react-dom.development.js:21488
recursivelyTraverseLayoutEffects @ react-dom.development.js:22926
commitLayoutEffectOnFiber @ react-dom.development.js:21407
recursivelyTraverseLayoutEffects @ react-dom.development.js:22926
commitLayoutEffectOnFiber @ react-dom.development.js:21407
recursivelyTraverseLayoutEffects @ react-dom.development.js:22926
commitLayoutEffectOnFiber @ react-dom.development.js:21577
recursivelyTraverseLayoutEffects @ react-dom.development.js:22926
commitLayoutEffectOnFiber @ react-dom.development.js:21577
recursivelyTraverseLayoutEffects @ react-dom.development.js:22926
commitLayoutEffectOnFiber @ react-dom.development.js:21407
recursivelyTraverseLayoutEffects @ react-dom.development.js:22926
commitLayoutEffectOnFiber @ react-dom.development.js:21418
recursivelyTraverseLayoutEffects @ react-dom.development.js:22926
commitLayoutEffectOnFiber @ react-dom.development.js:21407
recursivelyTraverseLayoutEffects @ react-dom.development.js:22926
commitLayoutEffectOnFiber @ react-dom.development.js:21418
recursivelyTraverseLayoutEffects @ react-dom.development.js:22926
commitLayoutEffectOnFiber @ react-dom.development.js:21407
recursivelyTraverseLayoutEffects @ react-dom.development.js:22926
commitLayoutEffectOnFiber @ react-dom.development.js:21407
recursivelyTraverseLayoutEffects @ react-dom.development.js:22926
commitLayoutEffectOnFiber @ react-dom.development.js:21407
recursivelyTraverseLayoutEffects @ react-dom.development.js:22926
commitLayoutEffectOnFiber @ react-dom.development.js:21418
recursivelyTraverseLayoutEffects @ react-dom.development.js:22926
commitLayoutEffectOnFiber @ react-dom.development.js:21407
recursivelyTraverseLayoutEffects @ react-dom.development.js:22926
commitLayoutEffectOnFiber @ react-dom.development.js:21407
recursivelyTraverseLayoutEffects @ react-dom.development.js:22926
commitLayoutEffectOnFiber @ react-dom.development.js:21577
recursivelyTraverseLayoutEffects @ react-dom.development.js:22926
commitLayoutEffectOnFiber @ react-dom.development.js:21407
recursivelyTraverseLayoutEffects @ react-dom.development.js:22926
commitLayoutEffectOnFiber @ react-dom.development.js:21577
recursivelyTraverseLayoutEffects @ react-dom.development.js:22926
commitLayoutEffectOnFiber @ react-dom.development.js:21407
recursivelyTraverseLayoutEffects @ react-dom.development.js:22926
commitLayoutEffectOnFiber @ react-dom.development.js:21488
recursivelyTraverseLayoutEffects @ react-dom.development.js:22926
commitLayoutEffectOnFiber @ react-dom.development.js:21488
recursivelyTraverseLayoutEffects @ react-dom.development.js:22926
commitLayoutEffectOnFiber @ react-dom.development.js:21577
recursivelyTraverseLayoutEffects @ react-dom.development.js:22926
commitLayoutEffectOnFiber @ react-dom.development.js:21577
recursivelyTraverseLayoutEffects @ react-dom.development.js:22926
commitLayoutEffectOnFiber @ react-dom.development.js:21418
recursivelyTraverseLayoutEffects @ react-dom.development.js:22926
commitLayoutEffectOnFiber @ react-dom.development.js:21407
recursivelyTraverseLayoutEffects @ react-dom.development.js:22926
commitLayoutEffectOnFiber @ react-dom.development.js:21577
recursivelyTraverseLayoutEffects @ react-dom.development.js:22926
commitLayoutEffectOnFiber @ react-dom.development.js:21418
recursivelyTraverseLayoutEffects @ react-dom.development.js:22926
commitLayoutEffectOnFiber @ react-dom.development.js:21407
recursivelyTraverseLayoutEffects @ react-dom.development.js:22926
commitLayoutEffectOnFiber @ react-dom.development.js:21407
recursivelyTraverseLayoutEffects @ react-dom.development.js:22926
commitLayoutEffectOnFiber @ react-dom.development.js:21418
recursivelyTraverseLayoutEffects @ react-dom.development.js:22926
commitLayoutEffectOnFiber @ react-dom.development.js:21407
recursivelyTraverseLayoutEffects @ react-dom.development.js:22926
commitLayoutEffectOnFiber @ react-dom.development.js:21577
recursivelyTraverseLayoutEffects @ react-dom.development.js:22926
commitLayoutEffectOnFiber @ react-dom.development.js:21577
recursivelyTraverseLayoutEffects @ react-dom.development.js:22926
commitLayoutEffectOnFiber @ react-dom.development.js:21577
recursivelyTraverseLayoutEffects @ react-dom.development.js:22926
commitLayoutEffectOnFiber @ react-dom.development.js:21577
recursivelyTraverseLayoutEffects @ react-dom.development.js:22926
commitLayoutEffectOnFiber @ react-dom.development.js:21577
recursivelyTraverseLayoutEffects @ react-dom.development.js:22926
commitLayoutEffectOnFiber @ react-dom.development.js:21577
recursivelyTraverseLayoutEffects @ react-dom.development.js:22926
commitLayoutEffectOnFiber @ react-dom.development.js:21407
recursivelyTraverseLayoutEffects @ react-dom.development.js:22926
commitLayoutEffectOnFiber @ react-dom.development.js:21418
recursivelyTraverseLayoutEffects @ react-dom.development.js:22926
commitLayoutEffectOnFiber @ react-dom.development.js:21407
recursivelyTraverseLayoutEffects @ react-dom.development.js:22926
commitLayoutEffectOnFiber @ react-dom.development.js:21407
recursivelyTraverseLayoutEffects @ react-dom.development.js:22926
commitLayoutEffectOnFiber @ react-dom.development.js:21407
recursivelyTraverseLayoutEffects @ react-dom.development.js:22926
commitLayoutEffectOnFiber @ react-dom.development.js:21407
recursivelyTraverseLayoutEffects @ react-dom.development.js:22926
commitLayoutEffectOnFiber @ react-dom.development.js:21577
recursivelyTraverseLayoutEffects @ react-dom.development.js:22926
commitLayoutEffectOnFiber @ react-dom.development.js:21577
recursivelyTraverseLayoutEffects @ react-dom.development.js:22926
commitLayoutEffectOnFiber @ react-dom.development.js:21577
recursivelyTraverseLayoutEffects @ react-dom.development.js:22926
commitLayoutEffectOnFiber @ react-dom.development.js:21437
commitLayoutEffects @ react-dom.development.js:22912
commitRootImpl @ react-dom.development.js:26226
commitRoot @ react-dom.development.js:26077
commitRootWhenReady @ react-dom.development.js:24749
finishConcurrentRender @ react-dom.development.js:24714
performConcurrentWorkOnRoot @ react-dom.development.js:24559
workLoop @ scheduler.development.js:256
flushWork @ scheduler.development.js:225
performWorkUntilDeadline @ scheduler.development.js:534
Show 131 more frames
Show less
useSupplyAssets.ts:32 Failed to fetch config for WETH. Check LendingPool address. Error: could not decode result data (value="0x0000000000000000000000005fbdb2315678afecb367f032d93f642f64180aa30000000000000000000000000000000000000000000000000000000000001d4c0000000000000000000000000000000000000000000000000000000000000001", info={ "method": "tokenConfigs", "signature": "tokenConfigs(address)" }, code=BAD_DATA, version=6.15.0)
    at makeError (errors.js:145:21)
    at assert (errors.js:164:15)
    at Interface.decodeFunctionResult (interface.js:792:64)
    at staticCallResult (contract.js:265:35)
    at async staticCall (contract.js:230:24)
    at async Proxy.tokenConfigs (contract.js:270:20)
    at async refreshInterval (useSupplyAssets.ts:29:32)
    at async eval (index.mjs:367:23)
refreshInterval @ useSupplyAssets.ts:32
await in refreshInterval
eval @ index.mjs:106
eval @ index.mjs:359
execute @ index.mjs:573
setTimeout
next @ index.mjs:566
eval @ index.mjs:579
commitHookEffectListMount @ react-dom.development.js:21102
invokeLayoutEffectMountInDEV @ react-dom.development.js:23944
invokeEffectsInDev @ react-dom.development.js:26852
legacyCommitDoubleInvokeEffectsInDEV @ react-dom.development.js:26832
commitDoubleInvokeEffectsInDEV @ react-dom.development.js:26816
flushPassiveEffectsImpl @ react-dom.development.js:26514
flushPassiveEffects @ react-dom.development.js:26438
eval @ react-dom.development.js:26172
workLoop @ scheduler.development.js:256
flushWork @ scheduler.development.js:225
performWorkUntilDeadline @ scheduler.development.js:534
Show 16 more frames
Show less
useSupplyAssets.ts:32 Failed to fetch config for DAI. Check LendingPool address. Error: could not decode result data (value="0x000000000000000000000000e7f1725e7734ce288f8367e1bb143e90bb3f05120000000000000000000000000000000000000000000000000000000000001f400000000000000000000000000000000000000000000000000000000000000001", info={ "method": "tokenConfigs", "signature": "tokenConfigs(address)" }, code=BAD_DATA, version=6.15.0)
    at makeError (errors.js:145:21)
    at assert (errors.js:164:15)
    at Interface.decodeFunctionResult (interface.js:792:64)
    at staticCallResult (contract.js:265:35)
    at async staticCall (contract.js:230:24)
    at async Proxy.tokenConfigs (contract.js:270:20)
    at async refreshInterval (useSupplyAssets.ts:29:32)
    at async eval (index.mjs:367:23)
refreshInterval @ useSupplyAssets.ts:32
await in refreshInterval
eval @ index.mjs:106
eval @ index.mjs:359
execute @ index.mjs:573
setTimeout
next @ index.mjs:566
eval @ index.mjs:579
commitHookEffectListMount @ react-dom.development.js:21102
invokeLayoutEffectMountInDEV @ react-dom.development.js:23944
invokeEffectsInDev @ react-dom.development.js:26852
legacyCommitDoubleInvokeEffectsInDEV @ react-dom.development.js:26832
commitDoubleInvokeEffectsInDEV @ react-dom.development.js:26816
flushPassiveEffectsImpl @ react-dom.development.js:26514
flushPassiveEffects @ react-dom.development.js:26438
eval @ react-dom.development.js:26172
workLoop @ scheduler.development.js:256
flushWork @ scheduler.development.js:225
performWorkUntilDeadline @ scheduler.development.js:534
Show 16 more frames
Show less
useSupplyAssets.ts:32 Failed to fetch config for USDC. Check LendingPool address. Error: could not decode result data (value="0x0000000000000000000000009fe46736679d2d9a65f0992f2272de9f3c7fa6e00000000000000000000000000000000000000000000000000000000000001f400000000000000000000000000000000000000000000000000000000000000001", info={ "method": "tokenConfigs", "signature": "tokenConfigs(address)" }, code=BAD_DATA, version=6.15.0)
    at makeError (errors.js:145:21)
    at assert (errors.js:164:15)
    at Interface.decodeFunctionResult (interface.js:792:64)
    at staticCallResult (contract.js:265:35)
    at async staticCall (contract.js:230:24)
    at async Proxy.tokenConfigs (contract.js:270:20)
    at async refreshInterval (useSupplyAssets.ts:29:32)
    at async eval (index.mjs:367:23)
refreshInterval @ useSupplyAssets.ts:32
await in refreshInterval
eval @ index.mjs:106
eval @ index.mjs:359
execute @ index.mjs:573
setTimeout
next @ index.mjs:566
eval @ index.mjs:579
commitHookEffectListMount @ react-dom.development.js:21102
invokeLayoutEffectMountInDEV @ react-dom.development.js:23944
invokeEffectsInDev @ react-dom.development.js:26852
legacyCommitDoubleInvokeEffectsInDEV @ react-dom.development.js:26832
commitDoubleInvokeEffectsInDEV @ react-dom.development.js:26816
flushPassiveEffectsImpl @ react-dom.development.js:26514
flushPassiveEffects @ react-dom.development.js:26438
eval @ react-dom.development.js:26172
workLoop @ scheduler.development.js:256
flushWork @ scheduler.development.js:225
performWorkUntilDeadline @ scheduler.development.js:534
Show 16 more frames
Show less
useSupplyAssets.ts:32 Failed to fetch config for LINK. Check LendingPool address. Error: could not decode result data (value="0x000000000000000000000000cf7ed3acca5a467e9e704c703e8d87f634fb0fc900000000000000000000000000000000000000000000000000000000000017700000000000000000000000000000000000000000000000000000000000000001", info={ "method": "tokenConfigs", "signature": "tokenConfigs(address)" }, code=BAD_DATA, version=6.15.0)
    at makeError (errors.js:145:21)
    at assert (errors.js:164:15)
    at Interface.decodeFunctionResult (interface.js:792:64)
    at staticCallResult (contract.js:265:35)
    at async staticCall (contract.js:230:24)
    at async Proxy.tokenConfigs (contract.js:270:20)
    at async refreshInterval (useSupplyAssets.ts:29:32)
    at async eval (index.mjs:367:23)
refreshInterval @ useSupplyAssets.ts:32
await in refreshInterval
eval @ index.mjs:106
eval @ index.mjs:359
execute @ index.mjs:573
setTimeout
next @ index.mjs:566
eval @ index.mjs:579
commitHookEffectListMount @ react-dom.development.js:21102
invokeLayoutEffectMountInDEV @ react-dom.development.js:23944
invokeEffectsInDev @ react-dom.development.js:26852
legacyCommitDoubleInvokeEffectsInDEV @ react-dom.development.js:26832
commitDoubleInvokeEffectsInDEV @ react-dom.development.js:26816
flushPassiveEffectsImpl @ react-dom.development.js:26514
flushPassiveEffects @ react-dom.development.js:26438
eval @ react-dom.development.js:26172
workLoop @ scheduler.development.js:256
flushWork @ scheduler.development.js:225
performWorkUntilDeadline @ scheduler.development.js:534
Show 16 more frames
Show less
useSupplyAssets.ts:32 Failed to fetch config for WETH. Check LendingPool address. Error: could not decode result data (value="0x0000000000000000000000005fbdb2315678afecb367f032d93f642f64180aa30000000000000000000000000000000000000000000000000000000000001d4c0000000000000000000000000000000000000000000000000000000000000001", info={ "method": "tokenConfigs", "signature": "tokenConfigs(address)" }, code=BAD_DATA, version=6.15.0)
    at makeError (errors.js:145:21)
    at assert (errors.js:164:15)
    at Interface.decodeFunctionResult (interface.js:792:64)
    at staticCallResult (contract.js:265:35)
    at async staticCall (contract.js:230:24)
    at async Proxy.tokenConfigs (contract.js:270:20)
    at async refreshInterval (useSupplyAssets.ts:29:32)
    at async eval (index.mjs:367:23)
refreshInterval @ useSupplyAssets.ts:32
await in refreshInterval
eval @ index.mjs:106
eval @ index.mjs:359
execute @ index.mjs:573
setTimeout
next @ index.mjs:566
Promise.then
execute @ index.mjs:573
setTimeout
next @ index.mjs:566
eval @ index.mjs:579
commitHookEffectListMount @ react-dom.development.js:21102
invokeLayoutEffectMountInDEV @ react-dom.development.js:23944
invokeEffectsInDev @ react-dom.development.js:26852
legacyCommitDoubleInvokeEffectsInDEV @ react-dom.development.js:26832
commitDoubleInvokeEffectsInDEV @ react-dom.development.js:26816
flushPassiveEffectsImpl @ react-dom.development.js:26514
flushPassiveEffects @ react-dom.development.js:26438
eval @ react-dom.development.js:26172
workLoop @ scheduler.development.js:256
flushWork @ scheduler.development.js:225
performWorkUntilDeadline @ scheduler.development.js:534
Show 18 more frames
Show less
useSupplyAssets.ts:32 Failed to fetch config for DAI. Check LendingPool address. Error: could not decode result data (value="0x000000000000000000000000e7f1725e7734ce288f8367e1bb143e90bb3f05120000000000000000000000000000000000000000000000000000000000001f400000000000000000000000000000000000000000000000000000000000000001", info={ "method": "tokenConfigs", "signature": "tokenConfigs(address)" }, code=BAD_DATA, version=6.15.0)
    at makeError (errors.js:145:21)
    at assert (errors.js:164:15)
    at Interface.decodeFunctionResult (interface.js:792:64)
    at staticCallResult (contract.js:265:35)
    at async staticCall (contract.js:230:24)
    at async Proxy.tokenConfigs (contract.js:270:20)
    at async refreshInterval (useSupplyAssets.ts:29:32)
    at async eval (index.mjs:367:23)
refreshInterval @ useSupplyAssets.ts:32
await in refreshInterval
eval @ index.mjs:106
eval @ index.mjs:359
execute @ index.mjs:573
setTimeout
next @ index.mjs:566
Promise.then
execute @ index.mjs:573
setTimeout
next @ index.mjs:566
eval @ index.mjs:579
commitHookEffectListMount @ react-dom.development.js:21102
invokeLayoutEffectMountInDEV @ react-dom.development.js:23944
invokeEffectsInDev @ react-dom.development.js:26852
legacyCommitDoubleInvokeEffectsInDEV @ react-dom.development.js:26832
commitDoubleInvokeEffectsInDEV @ react-dom.development.js:26816
flushPassiveEffectsImpl @ react-dom.development.js:26514
flushPassiveEffects @ react-dom.development.js:26438
eval @ react-dom.development.js:26172
workLoop @ scheduler.development.js:256
flushWork @ scheduler.development.js:225
performWorkUntilDeadline @ scheduler.development.js:534
Show 18 more frames
Show less
useSupplyAssets.ts:32 Failed to fetch config for USDC. Check LendingPool address. Error: could not decode result data (value="0x0000000000000000000000009fe46736679d2d9a65f0992f2272de9f3c7fa6e00000000000000000000000000000000000000000000000000000000000001f400000000000000000000000000000000000000000000000000000000000000001", info={ "method": "tokenConfigs", "signature": "tokenConfigs(address)" }, code=BAD_DATA, version=6.15.0)
    at makeError (errors.js:145:21)
    at assert (errors.js:164:15)
    at Interface.decodeFunctionResult (interface.js:792:64)
    at staticCallResult (contract.js:265:35)
    at async staticCall (contract.js:230:24)
    at async Proxy.tokenConfigs (contract.js:270:20)
    at async refreshInterval (useSupplyAssets.ts:29:32)
    at async eval (index.mjs:367:23)
refreshInterval @ useSupplyAssets.ts:32
await in refreshInterval
eval @ index.mjs:106
eval @ index.mjs:359
execute @ index.mjs:573
setTimeout
next @ index.mjs:566
Promise.then
execute @ index.mjs:573
setTimeout
next @ index.mjs:566
eval @ index.mjs:579
commitHookEffectListMount @ react-dom.development.js:21102
invokeLayoutEffectMountInDEV @ react-dom.development.js:23944
invokeEffectsInDev @ react-dom.development.js:26852
legacyCommitDoubleInvokeEffectsInDEV @ react-dom.development.js:26832
commitDoubleInvokeEffectsInDEV @ react-dom.development.js:26816
flushPassiveEffectsImpl @ react-dom.development.js:26514
flushPassiveEffects @ react-dom.development.js:26438
eval @ react-dom.development.js:26172
workLoop @ scheduler.development.js:256
flushWork @ scheduler.development.js:225
performWorkUntilDeadline @ scheduler.development.js:534
Show 18 more frames
Show less
useSupplyAssets.ts:32 Failed to fetch config for LINK. Check LendingPool address. Error: could not decode result data (value="0x000000000000000000000000cf7ed3acca5a467e9e704c703e8d87f634fb0fc900000000000000000000000000000000000000000000000000000000000017700000000000000000000000000000000000000000000000000000000000000001", info={ "method": "tokenConfigs", "signature": "tokenConfigs(address)" }, code=BAD_DATA, version=6.15.0)
    at makeError (errors.js:145:21)
    at assert (errors.js:164:15)
    at Interface.decodeFunctionResult (interface.js:792:64)
    at staticCallResult (contract.js:265:35)
    at async staticCall (contract.js:230:24)
    at async Proxy.tokenConfigs (contract.js:270:20)
    at async refreshInterval (useSupplyAssets.ts:29:32)
    at async eval (index.mjs:367:23)
refreshInterval @ useSupplyAssets.ts:32
await in refreshInterval
eval @ index.mjs:106
eval @ index.mjs:359
execute @ index.mjs:573
setTimeout
next @ index.mjs:566
Promise.then
execute @ index.mjs:573
setTimeout
next @ index.mjs:566
eval @ index.mjs:579
commitHookEffectListMount @ react-dom.development.js:21102
invokeLayoutEffectMountInDEV @ react-dom.development.js:23944
invokeEffectsInDev @ react-dom.development.js:26852
legacyCommitDoubleInvokeEffectsInDEV @ react-dom.development.js:26832
commitDoubleInvokeEffectsInDEV @ react-dom.development.js:26816
flushPassiveEffectsImpl @ react-dom.development.js:26514
flushPassiveEffects @ react-dom.development.js:26438
eval @ react-dom.development.js:26172
workLoop @ scheduler.development.js:256
flushWork @ scheduler.development.js:225
performWorkUntilDeadline @ scheduler.development.js:534
Show 18 more frames
Show less
inpage.js:1 MetaMask - RPC Error: Internal JSON-RPC error. {code: -32603, message: 'Internal JSON-RPC error.', data: {…}, stack: '{\n  "code": -32603,\n  "message": "Internal JSON-RP…hfbeogaeaoehlefnkodbefgpgknn/common-2.js:3:150958'}
(anonymous) @ inpage.js:1
(anonymous) @ inpage.js:1
p @ inpage.js:1
f @ inpage.js:1
await in f
l @ inpage.js:1
handle @ inpage.js:1
_rpcRequest @ inpage.js:1
(anonymous) @ inpage.js:1
request @ inpage.js:1
BrowserProvider.#request @ provider-browser.js:35
_send @ provider-browser.js:59
eval @ provider-jsonrpc.js:301
eval @ provider-jsonrpc.js:336
setTimeout
#scheduleDrain @ provider-jsonrpc.js:278
send @ provider-jsonrpc.js:798
send @ provider-browser.js:54
await in send
_perform @ provider-jsonrpc.js:410
#call @ abstract-provider.js:674
call @ abstract-provider.js:738
await in call
call @ abstract-signer.js:199
await in call
staticCallResult @ contract.js:256
await in staticCallResult
staticCall @ contract.js:230
calculateHealthFactor @ contract.js:270
HealthFactor.refreshInterval @ HealthFactor.tsx:15
eval @ index.mjs:106
eval @ index.mjs:359
onRevalidate @ index.mjs:519
currentConfig.onErrorRetry.retryCount @ index.mjs:446
setTimeout
onErrorRetry @ config-context-client-BoS53ST9.mjs:505
eval @ index.mjs:443
await in eval
eval @ index.mjs:539
commitHookEffectListMount @ react-dom.development.js:21102
commitHookLayoutEffects @ react-dom.development.js:21212
commitLayoutEffectOnFiber @ react-dom.development.js:21410
recursivelyTraverseLayoutEffects @ react-dom.development.js:22926
commitLayoutEffectOnFiber @ react-dom.development.js:21488
recursivelyTraverseLayoutEffects @ react-dom.development.js:22926
commitLayoutEffectOnFiber @ react-dom.development.js:21488
recursivelyTraverseLayoutEffects @ react-dom.development.js:22926
commitLayoutEffectOnFiber @ react-dom.development.js:21407
recursivelyTraverseLayoutEffects @ react-dom.development.js:22926
commitLayoutEffectOnFiber @ react-dom.development.js:21488
recursivelyTraverseLayoutEffects @ react-dom.development.js:22926
commitLayoutEffectOnFiber @ react-dom.development.js:21488
recursivelyTraverseLayoutEffects @ react-dom.development.js:22926
commitLayoutEffectOnFiber @ react-dom.development.js:21407
recursivelyTraverseLayoutEffects @ react-dom.development.js:22926
commitLayoutEffectOnFiber @ react-dom.development.js:21407
recursivelyTraverseLayoutEffects @ react-dom.development.js:22926
commitLayoutEffectOnFiber @ react-dom.development.js:21577
recursivelyTraverseLayoutEffects @ react-dom.development.js:22926
commitLayoutEffectOnFiber @ react-dom.development.js:21577
recursivelyTraverseLayoutEffects @ react-dom.development.js:22926
commitLayoutEffectOnFiber @ react-dom.development.js:21407
recursivelyTraverseLayoutEffects @ react-dom.development.js:22926
commitLayoutEffectOnFiber @ react-dom.development.js:21418
recursivelyTraverseLayoutEffects @ react-dom.development.js:22926
commitLayoutEffectOnFiber @ react-dom.development.js:21407
recursivelyTraverseLayoutEffects @ react-dom.development.js:22926
commitLayoutEffectOnFiber @ react-dom.development.js:21418
recursivelyTraverseLayoutEffects @ react-dom.development.js:22926
commitLayoutEffectOnFiber @ react-dom.development.js:21407
recursivelyTraverseLayoutEffects @ react-dom.development.js:22926
commitLayoutEffectOnFiber @ react-dom.development.js:21407
recursivelyTraverseLayoutEffects @ react-dom.development.js:22926
commitLayoutEffectOnFiber @ react-dom.development.js:21407
recursivelyTraverseLayoutEffects @ react-dom.development.js:22926
commitLayoutEffectOnFiber @ react-dom.development.js:21418
recursivelyTraverseLayoutEffects @ react-dom.development.js:22926
commitLayoutEffectOnFiber @ react-dom.development.js:21407
recursivelyTraverseLayoutEffects @ react-dom.development.js:22926
commitLayoutEffectOnFiber @ react-dom.development.js:21407
recursivelyTraverseLayoutEffects @ react-dom.development.js:22926
commitLayoutEffectOnFiber @ react-dom.development.js:21577
recursivelyTraverseLayoutEffects @ react-dom.development.js:22926
commitLayoutEffectOnFiber @ react-dom.development.js:21407
recursivelyTraverseLayoutEffects @ react-dom.development.js:22926
commitLayoutEffectOnFiber @ react-dom.development.js:21577
recursivelyTraverseLayoutEffects @ react-dom.development.js:22926
commitLayoutEffectOnFiber @ react-dom.development.js:21407
recursivelyTraverseLayoutEffects @ react-dom.development.js:22926
commitLayoutEffectOnFiber @ react-dom.development.js:21488
recursivelyTraverseLayoutEffects @ react-dom.development.js:22926
commitLayoutEffectOnFiber @ react-dom.development.js:21488
recursivelyTraverseLayoutEffects @ react-dom.development.js:22926
commitLayoutEffectOnFiber @ react-dom.development.js:21577
recursivelyTraverseLayoutEffects @ react-dom.development.js:22926
commitLayoutEffectOnFiber @ react-dom.development.js:21577
recursivelyTraverseLayoutEffects @ react-dom.development.js:22926
commitLayoutEffectOnFiber @ react-dom.development.js:21418
recursivelyTraverseLayoutEffects @ react-dom.development.js:22926
commitLayoutEffectOnFiber @ react-dom.development.js:21407
recursivelyTraverseLayoutEffects @ react-dom.development.js:22926
commitLayoutEffectOnFiber @ react-dom.development.js:21577
recursivelyTraverseLayoutEffects @ react-dom.development.js:22926
commitLayoutEffectOnFiber @ react-dom.development.js:21418
recursivelyTraverseLayoutEffects @ react-dom.development.js:22926
commitLayoutEffectOnFiber @ react-dom.development.js:21407
recursivelyTraverseLayoutEffects @ react-dom.development.js:22926
commitLayoutEffectOnFiber @ react-dom.development.js:21407
recursivelyTraverseLayoutEffects @ react-dom.development.js:22926
commitLayoutEffectOnFiber @ react-dom.development.js:21418
recursivelyTraverseLayoutEffects @ react-dom.development.js:22926
commitLayoutEffectOnFiber @ react-dom.development.js:21407
recursivelyTraverseLayoutEffects @ react-dom.development.js:22926
commitLayoutEffectOnFiber @ react-dom.development.js:21577
recursivelyTraverseLayoutEffects @ react-dom.development.js:22926
commitLayoutEffectOnFiber @ react-dom.development.js:21577
recursivelyTraverseLayoutEffects @ react-dom.development.js:22926
commitLayoutEffectOnFiber @ react-dom.development.js:21577
recursivelyTraverseLayoutEffects @ react-dom.development.js:22926
commitLayoutEffectOnFiber @ react-dom.development.js:21577
recursivelyTraverseLayoutEffects @ react-dom.development.js:22926
commitLayoutEffectOnFiber @ react-dom.development.js:21577
recursivelyTraverseLayoutEffects @ react-dom.development.js:22926
commitLayoutEffectOnFiber @ react-dom.development.js:21577
recursivelyTraverseLayoutEffects @ react-dom.development.js:22926
commitLayoutEffectOnFiber @ react-dom.development.js:21407
recursivelyTraverseLayoutEffects @ react-dom.development.js:22926
commitLayoutEffectOnFiber @ react-dom.development.js:21418
recursivelyTraverseLayoutEffects @ react-dom.development.js:22926
commitLayoutEffectOnFiber @ react-dom.development.js:21407
recursivelyTraverseLayoutEffects @ react-dom.development.js:22926
commitLayoutEffectOnFiber @ react-dom.development.js:21407
recursivelyTraverseLayoutEffects @ react-dom.development.js:22926
commitLayoutEffectOnFiber @ react-dom.development.js:21407
recursivelyTraverseLayoutEffects @ react-dom.development.js:22926
commitLayoutEffectOnFiber @ react-dom.development.js:21407
recursivelyTraverseLayoutEffects @ react-dom.development.js:22926
commitLayoutEffectOnFiber @ react-dom.development.js:21577
recursivelyTraverseLayoutEffects @ react-dom.development.js:22926
commitLayoutEffectOnFiber @ react-dom.development.js:21577
recursivelyTraverseLayoutEffects @ react-dom.development.js:22926
commitLayoutEffectOnFiber @ react-dom.development.js:21577
recursivelyTraverseLayoutEffects @ react-dom.development.js:22926
commitLayoutEffectOnFiber @ react-dom.development.js:21437
commitLayoutEffects @ react-dom.development.js:22912
commitRootImpl @ react-dom.development.js:26226
commitRoot @ react-dom.development.js:26077
commitRootWhenReady @ react-dom.development.js:24749
finishConcurrentRender @ react-dom.development.js:24714
performConcurrentWorkOnRoot @ react-dom.development.js:24559
workLoop @ scheduler.development.js:256
flushWork @ scheduler.development.js:225
performWorkUntilDeadline @ scheduler.development.js:534
Show 135 more frames
Show less
useSupplyAssets.ts:32 Failed to fetch config for WETH. Check LendingPool address. Error: could not decode result data (value="0x0000000000000000000000005fbdb2315678afecb367f032d93f642f64180aa30000000000000000000000000000000000000000000000000000000000001d4c0000000000000000000000000000000000000000000000000000000000000001", info={ "method": "tokenConfigs", "signature": "tokenConfigs(address)" }, code=BAD_DATA, version=6.15.0)
    at makeError (errors.js:145:21)
    at assert (errors.js:164:15)
    at Interface.decodeFunctionResult (interface.js:792:64)
    at staticCallResult (contract.js:265:35)
    at async staticCall (contract.js:230:24)
    at async Proxy.tokenConfigs (contract.js:270:20)
    at async refreshInterval (useSupplyAssets.ts:29:32)
    at async eval (index.mjs:367:23)
refreshInterval @ useSupplyAssets.ts:32
await in refreshInterval
eval @ index.mjs:106
eval @ index.mjs:359
execute @ index.mjs:573
setTimeout
next @ index.mjs:566
Promise.then
execute @ index.mjs:573
setTimeout
next @ index.mjs:566
Promise.then
execute @ index.mjs:573
setTimeout
next @ index.mjs:566
eval @ index.mjs:579
commitHookEffectListMount @ react-dom.development.js:21102
invokeLayoutEffectMountInDEV @ react-dom.development.js:23944
invokeEffectsInDev @ react-dom.development.js:26852
legacyCommitDoubleInvokeEffectsInDEV @ react-dom.development.js:26832
commitDoubleInvokeEffectsInDEV @ react-dom.development.js:26816
flushPassiveEffectsImpl @ react-dom.development.js:26514
flushPassiveEffects @ react-dom.development.js:26438
eval @ react-dom.development.js:26172
workLoop @ scheduler.development.js:256
flushWork @ scheduler.development.js:225
performWorkUntilDeadline @ scheduler.development.js:534
Show 20 more frames
Show less
useSupplyAssets.ts:32 Failed to fetch config for DAI. Check LendingPool address. Error: could not decode result data (value="0x000000000000000000000000e7f1725e7734ce288f8367e1bb143e90bb3f05120000000000000000000000000000000000000000000000000000000000001f400000000000000000000000000000000000000000000000000000000000000001", info={ "method": "tokenConfigs", "signature": "tokenConfigs(address)" }, code=BAD_DATA, version=6.15.0)
    at makeError (errors.js:145:21)
    at assert (errors.js:164:15)
    at Interface.decodeFunctionResult (interface.js:792:64)
    at staticCallResult (contract.js:265:35)
    at async staticCall (contract.js:230:24)
    at async Proxy.tokenConfigs (contract.js:270:20)
    at async refreshInterval (useSupplyAssets.ts:29:32)
    at async eval (index.mjs:367:23)
refreshInterval @ useSupplyAssets.ts:32
await in refreshInterval
eval @ index.mjs:106
eval @ index.mjs:359
execute @ index.mjs:573
setTimeout
next @ index.mjs:566
Promise.then
execute @ index.mjs:573
setTimeout
next @ index.mjs:566
Promise.then
execute @ index.mjs:573
setTimeout
next @ index.mjs:566
eval @ index.mjs:579
commitHookEffectListMount @ react-dom.development.js:21102
invokeLayoutEffectMountInDEV @ react-dom.development.js:23944
invokeEffectsInDev @ react-dom.development.js:26852
legacyCommitDoubleInvokeEffectsInDEV @ react-dom.development.js:26832
commitDoubleInvokeEffectsInDEV @ react-dom.development.js:26816
flushPassiveEffectsImpl @ react-dom.development.js:26514
flushPassiveEffects @ react-dom.development.js:26438
eval @ react-dom.development.js:26172
workLoop @ scheduler.development.js:256
flushWork @ scheduler.development.js:225
performWorkUntilDeadline @ scheduler.development.js:534
Show 20 more frames
Show less
useSupplyAssets.ts:32 Failed to fetch config for USDC. Check LendingPool address. Error: could not decode result data (value="0x0000000000000000000000009fe46736679d2d9a65f0992f2272de9f3c7fa6e00000000000000000000000000000000000000000000000000000000000001f400000000000000000000000000000000000000000000000000000000000000001", info={ "method": "tokenConfigs", "signature": "tokenConfigs(address)" }, code=BAD_DATA, version=6.15.0)
    at makeError (errors.js:145:21)
    at assert (errors.js:164:15)
    at Interface.decodeFunctionResult (interface.js:792:64)
    at staticCallResult (contract.js:265:35)
    at async staticCall (contract.js:230:24)
    at async Proxy.tokenConfigs (contract.js:270:20)
    at async refreshInterval (useSupplyAssets.ts:29:32)
    at async eval (index.mjs:367:23)
refreshInterval @ useSupplyAssets.ts:32
await in refreshInterval
eval @ index.mjs:106
eval @ index.mjs:359
execute @ index.mjs:573
setTimeout
next @ index.mjs:566
Promise.then
execute @ index.mjs:573
setTimeout
next @ index.mjs:566
Promise.then
execute @ index.mjs:573
setTimeout
next @ index.mjs:566
eval @ index.mjs:579
commitHookEffectListMount @ react-dom.development.js:21102
invokeLayoutEffectMountInDEV @ react-dom.development.js:23944
invokeEffectsInDev @ react-dom.development.js:26852
legacyCommitDoubleInvokeEffectsInDEV @ react-dom.development.js:26832
commitDoubleInvokeEffectsInDEV @ react-dom.development.js:26816
flushPassiveEffectsImpl @ react-dom.development.js:26514
flushPassiveEffects @ react-dom.development.js:26438
eval @ react-dom.development.js:26172
workLoop @ scheduler.development.js:256
flushWork @ scheduler.development.js:225
performWorkUntilDeadline @ scheduler.development.js:534
Show 20 more frames
Show less
useSupplyAssets.ts:32 Failed to fetch config for LINK. Check LendingPool address. Error: could not decode result data (value="0x000000000000000000000000cf7ed3acca5a467e9e704c703e8d87f634fb0fc900000000000000000000000000000000000000000000000000000000000017700000000000000000000000000000000000000000000000000000000000000001", info={ "method": "tokenConfigs", "signature": "tokenConfigs(address)" }, code=BAD_DATA, version=6.15.0)
    at makeError (errors.js:145:21)
    at assert (errors.js:164:15)
    at Interface.decodeFunctionResult (interface.js:792:64)
    at staticCallResult (contract.js:265:35)
    at async staticCall (contract.js:230:24)
    at async Proxy.tokenConfigs (contract.js:270:20)
    at async refreshInterval (useSupplyAssets.ts:29:32)
    at async eval (index.mjs:367:23)
refreshInterval @ useSupplyAssets.ts:32
await in refreshInterval
eval @ index.mjs:106
eval @ index.mjs:359
execute @ index.mjs:573
setTimeout
next @ index.mjs:566
Promise.then
execute @ index.mjs:573
setTimeout
next @ index.mjs:566
Promise.then
execute @ index.mjs:573
setTimeout
next @ index.mjs:566
eval @ index.mjs:579
commitHookEffectListMount @ react-dom.development.js:21102
invokeLayoutEffectMountInDEV @ react-dom.development.js:23944
invokeEffectsInDev @ react-dom.development.js:26852
legacyCommitDoubleInvokeEffectsInDEV @ react-dom.development.js:26832
commitDoubleInvokeEffectsInDEV @ react-dom.development.js:26816
flushPassiveEffectsImpl @ react-dom.development.js:26514
flushPassiveEffects @ react-dom.development.js:26438
eval @ react-dom.development.js:26172
workLoop @ scheduler.development.js:256
flushWork @ scheduler.development.js:225
performWorkUntilDeadline @ scheduler.development.js:534
Show 20 more frames
Show less
