:3000/:1 
        
        
       GET http://localhost:3000/ 500 (Internal Server Error)
main.js:1838 Download the React DevTools for a better development experience: https://reactjs.org/link/react-devtools
index.js:627 Uncaught Error: Cannot find module './424.js'
Require stack:
- C:\Users\Administrator\Documents\DeFi-LeBo-SimApp\frontend\.next\server\webpack-runtime.js
- C:\Users\Administrator\Documents\DeFi-LeBo-SimApp\frontend\.next\server\app\_not-found\page.js
- C:\Users\Administrator\Documents\DeFi-LeBo-SimApp\frontend\node_modules\next\dist\server\require.js
- C:\Users\Administrator\Documents\DeFi-LeBo-SimApp\frontend\node_modules\next\dist\server\load-components.js
- C:\Users\Administrator\Documents\DeFi-LeBo-SimApp\frontend\node_modules\next\dist\build\utils.js
- C:\Users\Administrator\Documents\DeFi-LeBo-SimApp\frontend\node_modules\next\dist\server\dev\hot-middleware.js
- C:\Users\Administrator\Documents\DeFi-LeBo-SimApp\frontend\node_modules\next\dist\server\dev\hot-reloader-webpack.js
- C:\Users\Administrator\Documents\DeFi-LeBo-SimApp\frontend\node_modules\next\dist\server\lib\router-utils\setup-dev-bundler.js
- C:\Users\Administrator\Documents\DeFi-LeBo-SimApp\frontend\node_modules\next\dist\server\lib\router-server.js
- C:\Users\Administrator\Documents\DeFi-LeBo-SimApp\frontend\node_modules\next\dist\server\lib\start-server.js
    at Module.<anonymous> (node:internal/modules/cjs/loader:1421:15)
    at <unknown> (file://C:\Users\Administrator\Documents\DeFi-LeBo-SimApp\frontend\node_modules\next\dist\server\require-hook.js:55:36)
    at defaultResolveImpl (node:internal/modules/cjs/loader:1059:19)
    at resolveForCJSWithHooks (node:internal/modules/cjs/loader:1064:22)
    at Module._load (node:internal/modules/cjs/loader:1227:37)
    at TracingChannel.traceSync (node:diagnostics_channel:328:14)
    at wrapModuleLoad (node:internal/modules/cjs/loader:245:24)
    at Module.<anonymous> (node:internal/modules/cjs/loader:1504:12)
    at mod.require (file://C:\Users\Administrator\Documents\DeFi-LeBo-SimApp\frontend\node_modules\next\dist\server\require-hook.js:65:28)
    at require (node:internal/modules/helpers:152:16)
    at __webpack_require__.f.require (file://C:\Users\Administrator\Documents\DeFi-LeBo-SimApp\frontend\.next\server\webpack-runtime.js:198:28)
    at <unknown> (file://C:\Users\Administrator\Documents\DeFi-LeBo-SimApp\frontend\.next\server\webpack-runtime.js:111:40)
    at Array.reduce (<anonymous>)
    at __webpack_require__.e (file://C:\Users\Administrator\Documents\DeFi-LeBo-SimApp\frontend\.next\server\webpack-runtime.js:110:67)
    at Array.map (<anonymous>)
    at __webpack_require__.X (file://C:\Users\Administrator\Documents\DeFi-LeBo-SimApp\frontend\.next\server\webpack-runtime.js:162:22)
    at <unknown> (file://C:\Users\Administrator\Documents\DeFi-LeBo-SimApp\frontend\.next\server\app\page.js:10:36199)
    at Object.<anonymous> (file://C:\Users\Administrator\Documents\DeFi-LeBo-SimApp\frontend\.next\server\app\page.js:10:36243)
    at Module._compile (node:internal/modules/cjs/loader:1761:14)
    at Object..js (node:internal/modules/cjs/loader:1893:10)
    at Module.load (node:internal/modules/cjs/loader:1481:32)
    at Module._load (node:internal/modules/cjs/loader:1300:12)
    at TracingChannel.traceSync (node:diagnostics_channel:328:14)
    at wrapModuleLoad (node:internal/modules/cjs/loader:245:24)
    at Module.<anonymous> (node:internal/modules/cjs/loader:1504:12)
    at mod.require (file://C:\Users\Administrator\Documents\DeFi-LeBo-SimApp\frontend\node_modules\next\dist\server\require-hook.js:65:28)
    at require (node:internal/modules/helpers:152:16)
    at requirePage (file://C:\Users\Administrator\Documents\DeFi-LeBo-SimApp\frontend\node_modules\next\dist\server\require.js:109:84)
    at <unknown> (file://C:\Users\Administrator\Documents\DeFi-LeBo-SimApp\frontend\node_modules\next\dist\server\load-components.js:103:84)
    at async loadComponentsImpl (file://C:\Users\Administrator\Documents\DeFi-LeBo-SimApp\frontend\node_modules\next\dist\server\load-components.js:103:26)
    at async DevServer.findPageComponentsImpl (file://C:\Users\Administrator\Documents\DeFi-LeBo-SimApp\frontend\node_modules\next\dist\server\next-server.js:714:36)
    at async DevServer.findPageComponents (file://C:\Users\Administrator\Documents\DeFi-LeBo-SimApp\frontend\node_modules\next\dist\server\dev\next-dev-server.js:577:20)
    at async DevServer.renderPageComponent (file://C:\Users\Administrator\Documents\DeFi-LeBo-SimApp\frontend\node_modules\next\dist\server\base-server.js:1910:24)
    at async DevServer.renderToResponseImpl (file://C:\Users\Administrator\Documents\DeFi-LeBo-SimApp\frontend\node_modules\next\dist\server\base-server.js:1962:32)
    at async DevServer.pipeImpl (file://C:\Users\Administrator\Documents\DeFi-LeBo-SimApp\frontend\node_modules\next\dist\server\base-server.js:922:25)
    at async NextNodeServer.handleCatchallRenderRequest (file://C:\Users\Administrator\Documents\DeFi-LeBo-SimApp\frontend\node_modules\next\dist\server\next-server.js:272:17)
    at async DevServer.handleRequestImpl (file://C:\Users\Administrator\Documents\DeFi-LeBo-SimApp\frontend\node_modules\next\dist\server\base-server.js:818:17)
    at async (file://C:\Users\Administrator\Documents\DeFi-LeBo-SimApp\frontend\node_modules\next\dist\server\dev\next-dev-server.js:339:20)
    at async Span.traceAsyncFn (file://C:\Users\Administrator\Documents\DeFi-LeBo-SimApp\frontend\node_modules\next\dist\trace\trace.js:154:20)
    at async DevServer.handleRequest (file://C:\Users\Administrator\Documents\DeFi-LeBo-SimApp\frontend\node_modules\next\dist\server\dev\next-dev-server.js:336:24)
    at async invokeRender (file://C:\Users\Administrator\Documents\DeFi-LeBo-SimApp\frontend\node_modules\next\dist\server\lib\router-server.js:179:21)
    at async handleRequest (file://C:\Users\Administrator\Documents\DeFi-LeBo-SimApp\frontend\node_modules\next\dist\server\lib\router-server.js:359:24)
    at async requestHandlerImpl (file://C:\Users\Administrator\Documents\DeFi-LeBo-SimApp\frontend\node_modules\next\dist\server\lib\router-server.js:383:13)
    at async Server.requestListener (file://C:\Users\Administrator\Documents\DeFi-LeBo-SimApp\frontend\node_modules\next\dist\server\lib\start-server.js:141:13)
getServerError @ nodeStackFrames.js:38
eval @ index.js:627
setTimeout
hydrate @ index.js:615
await in hydrate
pageBootrap @ page-bootstrap.js:27
eval @ next-dev.js:25
Promise.then
eval @ next-dev.js:23
./node_modules/next/dist/client/next-dev.js @ main.js:820
options.factory @ webpack.js:715
__webpack_require__ @ webpack.js:37
__webpack_exec__ @ main.js:1975
(anonymous) @ main.js:1976
webpackJsonpCallback @ webpack.js:1387
(anonymous) @ main.js:9
Show 6 more frames
Show less
websocket.js:39 [HMR] connected
